{"/Users/jaredbarnes/LSS/ClarityTransactionDispatcher/lib/index.js":{"path":"/Users/jaredbarnes/LSS/ClarityTransactionDispatcher/lib/index.js","s":{"1":1,"2":1,"3":1,"4":1,"5":1,"6":1,"7":1,"8":1,"9":1,"10":3,"11":1,"12":1,"13":1},"b":{"1":[3,0],"2":[3,3]},"f":{"1":3},"fnMap":{"1":{"name":"_interopRequireDefault","line":20,"loc":{"start":{"line":20,"column":0},"end":{"line":20,"column":37}}}},"statementMap":{"1":{"start":{"line":3,"column":0},"end":{"line":5,"column":3}},"2":{"start":{"line":6,"column":0},"end":{"line":6,"column":95}},"3":{"start":{"line":8,"column":0},"end":{"line":8,"column":78}},"4":{"start":{"line":10,"column":0},"end":{"line":10,"column":91}},"5":{"start":{"line":12,"column":0},"end":{"line":12,"column":65}},"6":{"start":{"line":14,"column":0},"end":{"line":14,"column":69}},"7":{"start":{"line":16,"column":0},"end":{"line":16,"column":36}},"8":{"start":{"line":18,"column":0},"end":{"line":18,"column":49}},"9":{"start":{"line":20,"column":0},"end":{"line":20,"column":95}},"10":{"start":{"line":20,"column":39},"end":{"line":20,"column":93}},"11":{"start":{"line":22,"column":0},"end":{"line":22,"column":78}},"12":{"start":{"line":23,"column":0},"end":{"line":23,"column":56}},"13":{"start":{"line":24,"column":0},"end":{"line":24,"column":36}}},"branchMap":{"1":{"line":20,"type":"cond-expr","locations":[{"start":{"line":20,"column":70},"end":{"line":20,"column":73}},{"start":{"line":20,"column":76},"end":{"line":20,"column":92}}]},"2":{"line":20,"type":"binary-expr","locations":[{"start":{"line":20,"column":46},"end":{"line":20,"column":49}},{"start":{"line":20,"column":53},"end":{"line":20,"column":67}}]}}},"/Users/jaredbarnes/LSS/ClarityTransactionDispatcher/lib/ClarityTransactionDispatcher.js":{"path":"/Users/jaredbarnes/LSS/ClarityTransactionDispatcher/lib/ClarityTransactionDispatcher.js","s":{"1":1,"2":1,"3":1,"4":1,"5":35,"6":35,"7":35,"8":35,"9":35,"10":35,"11":1,"12":1,"13":1,"14":1,"15":0,"16":1,"17":1,"18":1,"19":1,"20":1,"21":1,"22":1,"23":1,"24":1,"25":1,"26":2,"27":0,"28":2,"29":2,"30":2,"31":93,"32":93,"33":2,"34":2,"35":1,"36":1,"37":0,"38":1,"39":1,"40":1,"41":1,"42":1,"43":1,"44":1,"45":1,"46":1,"47":1,"48":0,"49":0,"50":1,"51":0,"52":0,"53":0,"54":0,"55":0,"56":0,"57":0,"58":0,"59":0,"60":0,"61":0,"62":0,"63":0,"64":0,"65":0,"66":0,"67":0,"68":0,"69":0,"70":0,"71":0,"72":0,"73":0,"74":0,"75":0,"76":0,"77":0,"78":0,"79":0,"80":0,"81":0,"82":0,"83":0,"84":0,"85":0,"86":0,"87":0,"88":0,"89":0,"90":0,"91":0,"92":0,"93":0,"94":0,"95":0,"96":0,"97":0,"98":0,"99":0,"100":0,"101":0,"102":0,"103":0,"104":0,"105":0,"106":0,"107":0,"108":0,"109":0,"110":0,"111":0,"112":0,"113":0,"114":0,"115":0,"116":0,"117":0,"118":0,"119":0,"120":0,"121":0,"122":0,"123":0,"124":0,"125":0,"126":0,"127":0,"128":0,"129":0,"130":0,"131":0,"132":0,"133":0,"134":0,"135":0,"136":0,"137":0,"138":0,"139":0,"140":0,"141":0,"142":0,"143":0,"144":0,"145":0,"146":0,"147":0,"148":0,"149":0,"150":0,"151":0,"152":0,"153":0,"154":0,"155":0,"156":0,"157":0,"158":0,"159":0,"160":0,"161":0,"162":0,"163":0,"164":0,"165":0,"166":0,"167":0,"168":0,"169":0,"170":0,"171":0,"172":0,"173":0,"174":0,"175":0,"176":0,"177":0,"178":0,"179":0,"180":0,"181":0,"182":0,"183":0,"184":0,"185":0,"186":0,"187":0,"188":0,"189":0,"190":0,"191":0,"192":0,"193":0,"194":0,"195":0,"196":0,"197":0,"198":0,"199":0,"200":0,"201":0,"202":0,"203":0,"204":0,"205":0,"206":0,"207":0,"208":0,"209":0,"210":0,"211":0,"212":0,"213":0,"214":0,"215":0,"216":0,"217":0,"218":0,"219":0,"220":0,"221":0,"222":0,"223":0,"224":0,"225":0,"226":0,"227":0,"228":0,"229":0,"230":0,"231":0,"232":0,"233":0,"234":0,"235":0,"236":0,"237":0,"238":0,"239":1,"240":1},"b":{"1":[35,35],"2":[35,0],"3":[1,0],"4":[0,1],"5":[1,0],"6":[1,1],"7":[0,2],"8":[2,2],"9":[2,0],"10":[93,0],"11":[0,1],"12":[0,0],"13":[0,0],"14":[0,0],"15":[0,0],"16":[0,0],"17":[0,0],"18":[0,0],"19":[0,0],"20":[0,0],"21":[0,0],"22":[0,0],"23":[0,0],"24":[0,0],"25":[0,0],"26":[0,0],"27":[0,0],"28":[0,0],"29":[0,0],"30":[0,0],"31":[0,0],"32":[0,0],"33":[0,0],"34":[0,0],"35":[0,0],"36":[0,0]},"f":{"1":1,"2":1,"3":1,"4":1,"5":2,"6":1,"7":1,"8":1,"9":0,"10":0,"11":0,"12":0,"13":0,"14":0,"15":0,"16":0,"17":0,"18":0,"19":0,"20":0,"21":0,"22":0,"23":0,"24":0,"25":0,"26":0,"27":0,"28":0,"29":0,"30":0,"31":0,"32":0,"33":0,"34":0,"35":0,"36":0,"37":0,"38":0,"39":0,"40":0,"41":0,"42":0,"43":0,"44":0,"45":0,"46":0,"47":0,"48":0,"49":0,"50":0,"51":0,"52":0,"53":0,"54":0,"55":0,"56":0,"57":0,"58":0,"59":0,"60":0,"61":0,"62":0,"63":0,"64":0,"65":0,"66":0,"67":0,"68":0,"69":0,"70":0,"71":0,"72":0,"73":0,"74":0,"75":0,"76":0,"77":0,"78":0,"79":0,"80":0,"81":0,"82":0,"83":0,"84":0,"85":0,"86":0,"87":0,"88":0,"89":0,"90":0,"91":0,"92":0,"93":0,"94":0,"95":0,"96":0,"97":0},"fnMap":{"1":{"name":"(anonymous_1)","line":7,"loc":{"start":{"line":7,"column":19},"end":{"line":7,"column":31}}},"2":{"name":"defineProperties","line":7,"loc":{"start":{"line":7,"column":33},"end":{"line":7,"column":74}}},"3":{"name":"(anonymous_3)","line":7,"loc":{"start":{"line":7,"column":357},"end":{"line":7,"column":405}}},"4":{"name":"_interopRequireDefault","line":21,"loc":{"start":{"line":21,"column":0},"end":{"line":21,"column":37}}},"5":{"name":"_interopRequireWildcard","line":23,"loc":{"start":{"line":23,"column":0},"end":{"line":23,"column":38}}},"6":{"name":"_classCallCheck","line":25,"loc":{"start":{"line":25,"column":0},"end":{"line":25,"column":48}}},"7":{"name":"(anonymous_7)","line":48,"loc":{"start":{"line":48,"column":35},"end":{"line":48,"column":47}}},"8":{"name":"ClarityTransactionDispatcher","line":53,"loc":{"start":{"line":53,"column":4},"end":{"line":53,"column":51}}},"9":{"name":"_addItemToCollectionAsync","line":72,"loc":{"start":{"line":72,"column":15},"end":{"line":72,"column":72}}},"10":{"name":"(anonymous_10)","line":75,"loc":{"start":{"line":75,"column":49},"end":{"line":75,"column":63}}},"11":{"name":"(anonymous_11)","line":77,"loc":{"start":{"line":77,"column":20},"end":{"line":77,"column":42}}},"12":{"name":"(anonymous_12)","line":79,"loc":{"start":{"line":79,"column":20},"end":{"line":79,"column":38}}},"13":{"name":"_clone","line":86,"loc":{"start":{"line":86,"column":15},"end":{"line":86,"column":36}}},"14":{"name":"_findOneAsync","line":97,"loc":{"start":{"line":97,"column":15},"end":{"line":97,"column":62}}},"15":{"name":"(anonymous_15)","line":98,"loc":{"start":{"line":98,"column":49},"end":{"line":98,"column":63}}},"16":{"name":"(anonymous_16)","line":100,"loc":{"start":{"line":100,"column":20},"end":{"line":100,"column":42}}},"17":{"name":"_findAsync","line":112,"loc":{"start":{"line":112,"column":15},"end":{"line":112,"column":75}}},"18":{"name":"(anonymous_18)","line":113,"loc":{"start":{"line":113,"column":49},"end":{"line":113,"column":63}}},"19":{"name":"(anonymous_19)","line":115,"loc":{"start":{"line":115,"column":20},"end":{"line":115,"column":42}}},"20":{"name":"_getCountAsync","line":127,"loc":{"start":{"line":127,"column":15},"end":{"line":127,"column":55}}},"21":{"name":"(anonymous_21)","line":128,"loc":{"start":{"line":128,"column":49},"end":{"line":128,"column":63}}},"22":{"name":"(anonymous_22)","line":130,"loc":{"start":{"line":130,"column":20},"end":{"line":130,"column":42}}},"23":{"name":"_getDatabaseAsync","line":143,"loc":{"start":{"line":143,"column":15},"end":{"line":143,"column":44}}},"24":{"name":"_initializingSystemAsync","line":154,"loc":{"start":{"line":154,"column":15},"end":{"line":154,"column":57}}},"25":{"name":"(anonymous_25)","line":161,"loc":{"start":{"line":161,"column":75},"end":{"line":161,"column":97}}},"26":{"name":"(anonymous_26)","line":171,"loc":{"start":{"line":171,"column":20},"end":{"line":171,"column":42}}},"27":{"name":"(anonymous_27)","line":173,"loc":{"start":{"line":173,"column":93},"end":{"line":173,"column":105}}},"28":{"name":"(anonymous_28)","line":178,"loc":{"start":{"line":178,"column":21},"end":{"line":178,"column":38}}},"29":{"name":"_invokeMethodAsync","line":191,"loc":{"start":{"line":191,"column":15},"end":{"line":191,"column":66}}},"30":{"name":"_notifySystemsAsync","line":212,"loc":{"start":{"line":212,"column":15},"end":{"line":212,"column":62}}},"31":{"name":"(anonymous_31)","line":215,"loc":{"start":{"line":215,"column":39},"end":{"line":215,"column":66}}},"32":{"name":"(anonymous_32)","line":216,"loc":{"start":{"line":216,"column":36},"end":{"line":216,"column":48}}},"33":{"name":"_notifySystemsWithRecoveryAsync","line":241,"loc":{"start":{"line":241,"column":15},"end":{"line":241,"column":74}}},"34":{"name":"(anonymous_34)","line":244,"loc":{"start":{"line":244,"column":39},"end":{"line":244,"column":66}}},"35":{"name":"(anonymous_35)","line":245,"loc":{"start":{"line":245,"column":36},"end":{"line":245,"column":48}}},"36":{"name":"(anonymous_36)","line":252,"loc":{"start":{"line":252,"column":25},"end":{"line":252,"column":37}}},"37":{"name":"_removeItemfromCollection","line":265,"loc":{"start":{"line":265,"column":15},"end":{"line":265,"column":72}}},"38":{"name":"(anonymous_38)","line":268,"loc":{"start":{"line":268,"column":49},"end":{"line":268,"column":63}}},"39":{"name":"(anonymous_39)","line":270,"loc":{"start":{"line":270,"column":20},"end":{"line":270,"column":42}}},"40":{"name":"_updateItemInCollectionAsync","line":285,"loc":{"start":{"line":285,"column":15},"end":{"line":285,"column":75}}},"41":{"name":"(anonymous_41)","line":289,"loc":{"start":{"line":289,"column":49},"end":{"line":289,"column":63}}},"42":{"name":"(anonymous_42)","line":291,"loc":{"start":{"line":291,"column":20},"end":{"line":291,"column":42}}},"43":{"name":"addEntityAsync","line":311,"loc":{"start":{"line":311,"column":15},"end":{"line":311,"column":47}}},"44":{"name":"(anonymous_44)","line":319,"loc":{"start":{"line":319,"column":41},"end":{"line":319,"column":62}}},"45":{"name":"(anonymous_45)","line":327,"loc":{"start":{"line":327,"column":105},"end":{"line":327,"column":117}}},"46":{"name":"(anonymous_46)","line":329,"loc":{"start":{"line":329,"column":20},"end":{"line":329,"column":32}}},"47":{"name":"(anonymous_47)","line":331,"loc":{"start":{"line":331,"column":20},"end":{"line":331,"column":38}}},"48":{"name":"(anonymous_48)","line":332,"loc":{"start":{"line":332,"column":97},"end":{"line":332,"column":109}}},"49":{"name":"(anonymous_49)","line":335,"loc":{"start":{"line":335,"column":21},"end":{"line":335,"column":38}}},"50":{"name":"addServiceAsync","line":351,"loc":{"start":{"line":351,"column":15},"end":{"line":351,"column":55}}},"51":{"name":"addSystemAsync","line":393,"loc":{"start":{"line":393,"column":15},"end":{"line":393,"column":47}}},"52":{"name":"(anonymous_52)","line":400,"loc":{"start":{"line":400,"column":66},"end":{"line":400,"column":78}}},"53":{"name":"(anonymous_53)","line":406,"loc":{"start":{"line":406,"column":24},"end":{"line":406,"column":36}}},"54":{"name":"(anonymous_54)","line":411,"loc":{"start":{"line":411,"column":25},"end":{"line":411,"column":42}}},"55":{"name":"approveEntityToBeRemovedAsync","line":425,"loc":{"start":{"line":425,"column":15},"end":{"line":425,"column":62}}},"56":{"name":"deactivateSystemAsync","line":438,"loc":{"start":{"line":438,"column":15},"end":{"line":438,"column":54}}},"57":{"name":"(anonymous_57)","line":448,"loc":{"start":{"line":448,"column":109},"end":{"line":448,"column":121}}},"58":{"name":"(anonymous_58)","line":453,"loc":{"start":{"line":453,"column":29},"end":{"line":453,"column":41}}},"59":{"name":"disposeSystemAsync","line":471,"loc":{"start":{"line":471,"column":15},"end":{"line":471,"column":51}}},"60":{"name":"(anonymous_60)","line":481,"loc":{"start":{"line":481,"column":103},"end":{"line":481,"column":115}}},"61":{"name":"(anonymous_61)","line":486,"loc":{"start":{"line":486,"column":29},"end":{"line":486,"column":41}}},"62":{"name":"getQuery","line":501,"loc":{"start":{"line":501,"column":15},"end":{"line":501,"column":35}}},"63":{"name":"getEntitiesAsync","line":512,"loc":{"start":{"line":512,"column":15},"end":{"line":512,"column":43}}},"64":{"name":"(anonymous_64)","line":540,"loc":{"start":{"line":540,"column":85},"end":{"line":540,"column":105}}},"65":{"name":"(anonymous_65)","line":541,"loc":{"start":{"line":541,"column":57},"end":{"line":541,"column":75}}},"66":{"name":"(anonymous_66)","line":544,"loc":{"start":{"line":544,"column":63},"end":{"line":544,"column":75}}},"67":{"name":"(anonymous_67)","line":547,"loc":{"start":{"line":547,"column":21},"end":{"line":547,"column":38}}},"68":{"name":"getEntityByIdAsync","line":561,"loc":{"start":{"line":561,"column":15},"end":{"line":561,"column":53}}},"69":{"name":"(anonymous_69)","line":566,"loc":{"start":{"line":566,"column":20},"end":{"line":566,"column":38}}},"70":{"name":"(anonymous_70)","line":567,"loc":{"start":{"line":567,"column":102},"end":{"line":567,"column":114}}},"71":{"name":"(anonymous_71)","line":570,"loc":{"start":{"line":570,"column":21},"end":{"line":570,"column":38}}},"72":{"name":"getEntityCountAsync","line":582,"loc":{"start":{"line":582,"column":15},"end":{"line":582,"column":46}}},"73":{"name":"getService","line":593,"loc":{"start":{"line":593,"column":15},"end":{"line":593,"column":41}}},"74":{"name":"getSystems","line":603,"loc":{"start":{"line":603,"column":15},"end":{"line":603,"column":37}}},"75":{"name":"logErrorAsync","line":614,"loc":{"start":{"line":614,"column":15},"end":{"line":614,"column":45}}},"76":{"name":"logMessageAsync","line":625,"loc":{"start":{"line":625,"column":15},"end":{"line":625,"column":49}}},"77":{"name":"logWarningAsync","line":636,"loc":{"start":{"line":636,"column":15},"end":{"line":636,"column":49}}},"78":{"name":"removeEntityAsync","line":647,"loc":{"start":{"line":647,"column":15},"end":{"line":647,"column":50}}},"79":{"name":"(anonymous_79)","line":650,"loc":{"start":{"line":650,"column":67},"end":{"line":650,"column":79}}},"80":{"name":"(anonymous_80)","line":652,"loc":{"start":{"line":652,"column":20},"end":{"line":652,"column":32}}},"81":{"name":"(anonymous_81)","line":654,"loc":{"start":{"line":654,"column":20},"end":{"line":654,"column":32}}},"82":{"name":"(anonymous_82)","line":656,"loc":{"start":{"line":656,"column":21},"end":{"line":656,"column":38}}},"83":{"name":"removeServiceAsync","line":670,"loc":{"start":{"line":670,"column":15},"end":{"line":670,"column":49}}},"84":{"name":"startAsync","line":682,"loc":{"start":{"line":682,"column":15},"end":{"line":682,"column":37}}},"85":{"name":"stopAsync","line":687,"loc":{"start":{"line":687,"column":15},"end":{"line":687,"column":36}}},"86":{"name":"(anonymous_86)","line":690,"loc":{"start":{"line":690,"column":85},"end":{"line":690,"column":97}}},"87":{"name":"updateEntityAsync","line":707,"loc":{"start":{"line":707,"column":15},"end":{"line":707,"column":50}}},"88":{"name":"(anonymous_88)","line":716,"loc":{"start":{"line":716,"column":45},"end":{"line":716,"column":66}}},"89":{"name":"(anonymous_89)","line":726,"loc":{"start":{"line":726,"column":20},"end":{"line":726,"column":38}}},"90":{"name":"(anonymous_90)","line":732,"loc":{"start":{"line":732,"column":20},"end":{"line":732,"column":32}}},"91":{"name":"(anonymous_91)","line":734,"loc":{"start":{"line":734,"column":20},"end":{"line":734,"column":32}}},"92":{"name":"(anonymous_92)","line":736,"loc":{"start":{"line":736,"column":20},"end":{"line":736,"column":32}}},"93":{"name":"(anonymous_93)","line":738,"loc":{"start":{"line":738,"column":20},"end":{"line":738,"column":32}}},"94":{"name":"(anonymous_94)","line":740,"loc":{"start":{"line":740,"column":21},"end":{"line":740,"column":38}}},"95":{"name":"validateEntityToBeAddedAsync","line":752,"loc":{"start":{"line":752,"column":15},"end":{"line":752,"column":61}}},"96":{"name":"validateEntityToBeUpdatedAsync","line":762,"loc":{"start":{"line":762,"column":15},"end":{"line":762,"column":74}}},"97":{"name":"validateSystem","line":773,"loc":{"start":{"line":773,"column":15},"end":{"line":773,"column":47}}}},"statementMap":{"1":{"start":{"line":3,"column":0},"end":{"line":5,"column":3}},"2":{"start":{"line":7,"column":0},"end":{"line":7,"column":564}},"3":{"start":{"line":7,"column":33},"end":{"line":7,"column":349}},"4":{"start":{"line":7,"column":76},"end":{"line":7,"column":347}},"5":{"start":{"line":7,"column":117},"end":{"line":7,"column":143}},"6":{"start":{"line":7,"column":144},"end":{"line":7,"column":199}},"7":{"start":{"line":7,"column":200},"end":{"line":7,"column":231}},"8":{"start":{"line":7,"column":232},"end":{"line":7,"column":286}},"9":{"start":{"line":7,"column":259},"end":{"line":7,"column":286}},"10":{"start":{"line":7,"column":287},"end":{"line":7,"column":345}},"11":{"start":{"line":7,"column":350},"end":{"line":7,"column":559}},"12":{"start":{"line":7,"column":407},"end":{"line":7,"column":475}},"13":{"start":{"line":7,"column":423},"end":{"line":7,"column":475}},"14":{"start":{"line":7,"column":476},"end":{"line":7,"column":536}},"15":{"start":{"line":7,"column":493},"end":{"line":7,"column":536}},"16":{"start":{"line":7,"column":537},"end":{"line":7,"column":556}},"17":{"start":{"line":9,"column":0},"end":{"line":9,"column":24}},"18":{"start":{"line":11,"column":0},"end":{"line":11,"column":38}},"19":{"start":{"line":13,"column":0},"end":{"line":13,"column":37}},"20":{"start":{"line":15,"column":0},"end":{"line":15,"column":46}},"21":{"start":{"line":17,"column":0},"end":{"line":17,"column":32}},"22":{"start":{"line":19,"column":0},"end":{"line":19,"column":45}},"23":{"start":{"line":21,"column":0},"end":{"line":21,"column":95}},"24":{"start":{"line":21,"column":39},"end":{"line":21,"column":93}},"25":{"start":{"line":23,"column":0},"end":{"line":23,"column":269}},"26":{"start":{"line":23,"column":40},"end":{"line":23,"column":267}},"27":{"start":{"line":23,"column":69},"end":{"line":23,"column":80}},"28":{"start":{"line":23,"column":90},"end":{"line":23,"column":106}},"29":{"start":{"line":23,"column":107},"end":{"line":23,"column":228}},"30":{"start":{"line":23,"column":126},"end":{"line":23,"column":226}},"31":{"start":{"line":23,"column":149},"end":{"line":23,"column":224}},"32":{"start":{"line":23,"column":201},"end":{"line":23,"column":224}},"33":{"start":{"line":23,"column":229},"end":{"line":23,"column":250}},"34":{"start":{"line":23,"column":251},"end":{"line":23,"column":265}},"35":{"start":{"line":25,"column":0},"end":{"line":25,"column":153}},"36":{"start":{"line":25,"column":50},"end":{"line":25,"column":151}},"37":{"start":{"line":25,"column":92},"end":{"line":25,"column":149}},"38":{"start":{"line":27,"column":0},"end":{"line":27,"column":44}},"39":{"start":{"line":28,"column":0},"end":{"line":28,"column":37}},"40":{"start":{"line":29,"column":0},"end":{"line":29,"column":42}},"41":{"start":{"line":30,"column":0},"end":{"line":30,"column":22}},"42":{"start":{"line":31,"column":0},"end":{"line":31,"column":52}},"43":{"start":{"line":48,"column":0},"end":{"line":782,"column":4}},"44":{"start":{"line":53,"column":4},"end":{"line":60,"column":5}},"45":{"start":{"line":54,"column":8},"end":{"line":54,"column":60}},"46":{"start":{"line":56,"column":8},"end":{"line":56,"column":31}},"47":{"start":{"line":57,"column":8},"end":{"line":57,"column":46}},"48":{"start":{"line":58,"column":8},"end":{"line":58,"column":26}},"49":{"start":{"line":59,"column":8},"end":{"line":59,"column":27}},"50":{"start":{"line":70,"column":4},"end":{"line":779,"column":8}},"51":{"start":{"line":73,"column":12},"end":{"line":73,"column":43}},"52":{"start":{"line":74,"column":12},"end":{"line":74,"column":42}},"53":{"start":{"line":75,"column":12},"end":{"line":82,"column":15}},"54":{"start":{"line":76,"column":16},"end":{"line":76,"column":53}},"55":{"start":{"line":78,"column":16},"end":{"line":78,"column":50}},"56":{"start":{"line":80,"column":16},"end":{"line":80,"column":45}},"57":{"start":{"line":81,"column":16},"end":{"line":81,"column":28}},"58":{"start":{"line":87,"column":12},"end":{"line":87,"column":51}},"59":{"start":{"line":98,"column":12},"end":{"line":102,"column":15}},"60":{"start":{"line":99,"column":16},"end":{"line":99,"column":53}},"61":{"start":{"line":101,"column":16},"end":{"line":101,"column":50}},"62":{"start":{"line":113,"column":12},"end":{"line":117,"column":15}},"63":{"start":{"line":114,"column":16},"end":{"line":114,"column":53}},"64":{"start":{"line":116,"column":16},"end":{"line":116,"column":98}},"65":{"start":{"line":128,"column":12},"end":{"line":132,"column":15}},"66":{"start":{"line":129,"column":16},"end":{"line":129,"column":53}},"67":{"start":{"line":131,"column":16},"end":{"line":131,"column":42}},"68":{"start":{"line":144,"column":12},"end":{"line":144,"column":63}},"69":{"start":{"line":155,"column":12},"end":{"line":155,"column":29}},"70":{"start":{"line":157,"column":12},"end":{"line":157,"column":46}},"71":{"start":{"line":158,"column":12},"end":{"line":160,"column":14}},"72":{"start":{"line":161,"column":12},"end":{"line":181,"column":15}},"73":{"start":{"line":162,"column":16},"end":{"line":170,"column":17}},"74":{"start":{"line":163,"column":20},"end":{"line":166,"column":22}},"75":{"start":{"line":167,"column":20},"end":{"line":167,"column":98}},"76":{"start":{"line":169,"column":20},"end":{"line":169,"column":38}},"77":{"start":{"line":172,"column":16},"end":{"line":177,"column":17}},"78":{"start":{"line":173,"column":20},"end":{"line":176,"column":23}},"79":{"start":{"line":174,"column":24},"end":{"line":174,"column":56}},"80":{"start":{"line":175,"column":24},"end":{"line":175,"column":102}},"81":{"start":{"line":179,"column":16},"end":{"line":179,"column":64}},"82":{"start":{"line":180,"column":16},"end":{"line":180,"column":28}},"83":{"start":{"line":192,"column":12},"end":{"line":192,"column":28}},"84":{"start":{"line":193,"column":12},"end":{"line":200,"column":13}},"85":{"start":{"line":194,"column":16},"end":{"line":194,"column":63}},"86":{"start":{"line":195,"column":16},"end":{"line":197,"column":17}},"87":{"start":{"line":196,"column":20},"end":{"line":196,"column":63}},"88":{"start":{"line":199,"column":16},"end":{"line":199,"column":46}},"89":{"start":{"line":201,"column":12},"end":{"line":201,"column":31}},"90":{"start":{"line":213,"column":12},"end":{"line":213,"column":30}},"91":{"start":{"line":215,"column":12},"end":{"line":226,"column":32}},"92":{"start":{"line":216,"column":16},"end":{"line":225,"column":19}},"93":{"start":{"line":217,"column":20},"end":{"line":224,"column":21}},"94":{"start":{"line":218,"column":24},"end":{"line":218,"column":83}},"95":{"start":{"line":220,"column":24},"end":{"line":222,"column":25}},"96":{"start":{"line":221,"column":28},"end":{"line":221,"column":56}},"97":{"start":{"line":223,"column":24},"end":{"line":223,"column":36}},"98":{"start":{"line":242,"column":12},"end":{"line":242,"column":30}},"99":{"start":{"line":244,"column":12},"end":{"line":255,"column":32}},"100":{"start":{"line":245,"column":16},"end":{"line":254,"column":19}},"101":{"start":{"line":246,"column":20},"end":{"line":251,"column":21}},"102":{"start":{"line":247,"column":24},"end":{"line":247,"column":83}},"103":{"start":{"line":249,"column":24},"end":{"line":249,"column":52}},"104":{"start":{"line":250,"column":24},"end":{"line":250,"column":36}},"105":{"start":{"line":253,"column":20},"end":{"line":253,"column":43}},"106":{"start":{"line":266,"column":12},"end":{"line":266,"column":30}},"107":{"start":{"line":268,"column":12},"end":{"line":274,"column":15}},"108":{"start":{"line":269,"column":16},"end":{"line":269,"column":53}},"109":{"start":{"line":271,"column":16},"end":{"line":273,"column":19}},"110":{"start":{"line":286,"column":12},"end":{"line":286,"column":30}},"111":{"start":{"line":288,"column":12},"end":{"line":288,"column":43}},"112":{"start":{"line":289,"column":12},"end":{"line":295,"column":15}},"113":{"start":{"line":290,"column":16},"end":{"line":290,"column":53}},"114":{"start":{"line":292,"column":16},"end":{"line":294,"column":31}},"115":{"start":{"line":312,"column":12},"end":{"line":312,"column":30}},"116":{"start":{"line":314,"column":12},"end":{"line":317,"column":14}},"117":{"start":{"line":319,"column":12},"end":{"line":325,"column":15}},"118":{"start":{"line":320,"column":16},"end":{"line":324,"column":17}},"119":{"start":{"line":321,"column":20},"end":{"line":321,"column":54}},"120":{"start":{"line":323,"column":20},"end":{"line":323,"column":67}},"121":{"start":{"line":327,"column":12},"end":{"line":338,"column":15}},"122":{"start":{"line":328,"column":16},"end":{"line":328,"column":70}},"123":{"start":{"line":330,"column":16},"end":{"line":330,"column":88}},"124":{"start":{"line":332,"column":16},"end":{"line":334,"column":19}},"125":{"start":{"line":333,"column":20},"end":{"line":333,"column":34}},"126":{"start":{"line":336,"column":16},"end":{"line":336,"column":44}},"127":{"start":{"line":337,"column":16},"end":{"line":337,"column":28}},"128":{"start":{"line":352,"column":12},"end":{"line":352,"column":42}},"129":{"start":{"line":353,"column":12},"end":{"line":353,"column":35}},"130":{"start":{"line":394,"column":12},"end":{"line":394,"column":30}},"131":{"start":{"line":396,"column":12},"end":{"line":415,"column":13}},"132":{"start":{"line":397,"column":16},"end":{"line":397,"column":129}},"133":{"start":{"line":399,"column":16},"end":{"line":399,"column":42}},"134":{"start":{"line":400,"column":16},"end":{"line":414,"column":19}},"135":{"start":{"line":401,"column":20},"end":{"line":404,"column":23}},"136":{"start":{"line":405,"column":20},"end":{"line":405,"column":89}},"137":{"start":{"line":407,"column":20},"end":{"line":410,"column":23}},"138":{"start":{"line":412,"column":20},"end":{"line":412,"column":48}},"139":{"start":{"line":413,"column":20},"end":{"line":413,"column":32}},"140":{"start":{"line":426,"column":12},"end":{"line":426,"column":87}},"141":{"start":{"line":439,"column":12},"end":{"line":439,"column":30}},"142":{"start":{"line":441,"column":12},"end":{"line":441,"column":44}},"143":{"start":{"line":442,"column":12},"end":{"line":442,"column":53}},"144":{"start":{"line":443,"column":12},"end":{"line":459,"column":13}},"145":{"start":{"line":444,"column":16},"end":{"line":444,"column":92}},"146":{"start":{"line":446,"column":16},"end":{"line":446,"column":46}},"147":{"start":{"line":447,"column":16},"end":{"line":458,"column":17}},"148":{"start":{"line":448,"column":20},"end":{"line":455,"column":23}},"149":{"start":{"line":449,"column":24},"end":{"line":452,"column":27}},"150":{"start":{"line":454,"column":24},"end":{"line":454,"column":47}},"151":{"start":{"line":457,"column":20},"end":{"line":457,"column":43}},"152":{"start":{"line":472,"column":12},"end":{"line":472,"column":30}},"153":{"start":{"line":474,"column":12},"end":{"line":474,"column":32}},"154":{"start":{"line":475,"column":12},"end":{"line":475,"column":53}},"155":{"start":{"line":476,"column":12},"end":{"line":492,"column":13}},"156":{"start":{"line":477,"column":16},"end":{"line":477,"column":89}},"157":{"start":{"line":479,"column":16},"end":{"line":479,"column":46}},"158":{"start":{"line":480,"column":16},"end":{"line":491,"column":17}},"159":{"start":{"line":481,"column":20},"end":{"line":488,"column":23}},"160":{"start":{"line":482,"column":24},"end":{"line":485,"column":27}},"161":{"start":{"line":487,"column":24},"end":{"line":487,"column":47}},"162":{"start":{"line":490,"column":20},"end":{"line":490,"column":43}},"163":{"start":{"line":502,"column":12},"end":{"line":502,"column":74}},"164":{"start":{"line":513,"column":12},"end":{"line":513,"column":31}},"165":{"start":{"line":515,"column":12},"end":{"line":515,"column":96}},"166":{"start":{"line":517,"column":12},"end":{"line":517,"column":77}},"167":{"start":{"line":518,"column":12},"end":{"line":518,"column":71}},"168":{"start":{"line":519,"column":12},"end":{"line":519,"column":59}},"169":{"start":{"line":520,"column":12},"end":{"line":520,"column":57}},"170":{"start":{"line":521,"column":12},"end":{"line":521,"column":36}},"171":{"start":{"line":522,"column":12},"end":{"line":522,"column":28}},"172":{"start":{"line":523,"column":12},"end":{"line":527,"column":13}},"173":{"start":{"line":524,"column":16},"end":{"line":526,"column":18}},"174":{"start":{"line":528,"column":12},"end":{"line":533,"column":13}},"175":{"start":{"line":529,"column":16},"end":{"line":531,"column":18}},"176":{"start":{"line":532,"column":16},"end":{"line":532,"column":46}},"177":{"start":{"line":534,"column":12},"end":{"line":539,"column":13}},"178":{"start":{"line":535,"column":16},"end":{"line":537,"column":18}},"179":{"start":{"line":538,"column":16},"end":{"line":538,"column":47}},"180":{"start":{"line":540,"column":12},"end":{"line":550,"column":15}},"181":{"start":{"line":541,"column":16},"end":{"line":543,"column":19}},"182":{"start":{"line":542,"column":20},"end":{"line":542,"column":101}},"183":{"start":{"line":544,"column":16},"end":{"line":546,"column":19}},"184":{"start":{"line":545,"column":20},"end":{"line":545,"column":36}},"185":{"start":{"line":548,"column":16},"end":{"line":548,"column":45}},"186":{"start":{"line":549,"column":16},"end":{"line":549,"column":28}},"187":{"start":{"line":562,"column":12},"end":{"line":562,"column":31}},"188":{"start":{"line":564,"column":12},"end":{"line":573,"column":15}},"189":{"start":{"line":567,"column":16},"end":{"line":569,"column":19}},"190":{"start":{"line":568,"column":20},"end":{"line":568,"column":34}},"191":{"start":{"line":571,"column":16},"end":{"line":571,"column":45}},"192":{"start":{"line":572,"column":16},"end":{"line":572,"column":28}},"193":{"start":{"line":583,"column":12},"end":{"line":583,"column":60}},"194":{"start":{"line":594,"column":12},"end":{"line":594,"column":47}},"195":{"start":{"line":604,"column":12},"end":{"line":604,"column":32}},"196":{"start":{"line":615,"column":12},"end":{"line":615,"column":63}},"197":{"start":{"line":626,"column":12},"end":{"line":626,"column":67}},"198":{"start":{"line":637,"column":12},"end":{"line":637,"column":67}},"199":{"start":{"line":648,"column":12},"end":{"line":648,"column":31}},"200":{"start":{"line":650,"column":12},"end":{"line":659,"column":15}},"201":{"start":{"line":651,"column":16},"end":{"line":651,"column":86}},"202":{"start":{"line":653,"column":16},"end":{"line":653,"column":95}},"203":{"start":{"line":655,"column":16},"end":{"line":655,"column":30}},"204":{"start":{"line":657,"column":16},"end":{"line":657,"column":45}},"205":{"start":{"line":658,"column":16},"end":{"line":658,"column":28}},"206":{"start":{"line":671,"column":12},"end":{"line":678,"column":13}},"207":{"start":{"line":672,"column":16},"end":{"line":672,"column":43}},"208":{"start":{"line":673,"column":16},"end":{"line":673,"column":91}},"209":{"start":{"line":675,"column":16},"end":{"line":675,"column":74}},"210":{"start":{"line":676,"column":16},"end":{"line":676,"column":42}},"211":{"start":{"line":677,"column":16},"end":{"line":677,"column":45}},"212":{"start":{"line":683,"column":12},"end":{"line":683,"column":45}},"213":{"start":{"line":688,"column":12},"end":{"line":688,"column":31}},"214":{"start":{"line":690,"column":12},"end":{"line":692,"column":15}},"215":{"start":{"line":691,"column":16},"end":{"line":691,"column":51}},"216":{"start":{"line":708,"column":12},"end":{"line":708,"column":31}},"217":{"start":{"line":710,"column":12},"end":{"line":710,"column":33}},"218":{"start":{"line":711,"column":12},"end":{"line":714,"column":14}},"219":{"start":{"line":716,"column":12},"end":{"line":722,"column":15}},"220":{"start":{"line":717,"column":16},"end":{"line":721,"column":17}},"221":{"start":{"line":718,"column":20},"end":{"line":718,"column":55}},"222":{"start":{"line":720,"column":20},"end":{"line":720,"column":68}},"223":{"start":{"line":724,"column":12},"end":{"line":743,"column":15}},"224":{"start":{"line":727,"column":16},"end":{"line":727,"column":35}},"225":{"start":{"line":728,"column":16},"end":{"line":728,"column":50}},"226":{"start":{"line":729,"column":16},"end":{"line":729,"column":66}},"227":{"start":{"line":731,"column":16},"end":{"line":731,"column":124}},"228":{"start":{"line":733,"column":16},"end":{"line":733,"column":88}},"229":{"start":{"line":735,"column":16},"end":{"line":735,"column":96}},"230":{"start":{"line":737,"column":16},"end":{"line":737,"column":113}},"231":{"start":{"line":739,"column":16},"end":{"line":739,"column":37}},"232":{"start":{"line":741,"column":16},"end":{"line":741,"column":45}},"233":{"start":{"line":742,"column":16},"end":{"line":742,"column":28}},"234":{"start":{"line":753,"column":12},"end":{"line":753,"column":86}},"235":{"start":{"line":763,"column":12},"end":{"line":763,"column":99}},"236":{"start":{"line":774,"column":12},"end":{"line":776,"column":13}},"237":{"start":{"line":775,"column":16},"end":{"line":775,"column":29}},"238":{"start":{"line":777,"column":12},"end":{"line":777,"column":24}},"239":{"start":{"line":781,"column":4},"end":{"line":781,"column":40}},"240":{"start":{"line":784,"column":0},"end":{"line":784,"column":47}}},"branchMap":{"1":{"line":7,"type":"binary-expr","locations":[{"start":{"line":7,"column":168},"end":{"line":7,"column":189}},{"start":{"line":7,"column":193},"end":{"line":7,"column":198}}]},"2":{"line":7,"type":"if","locations":[{"start":{"line":7,"column":232},"end":{"line":7,"column":232}},{"start":{"line":7,"column":232},"end":{"line":7,"column":232}}]},"3":{"line":7,"type":"if","locations":[{"start":{"line":7,"column":407},"end":{"line":7,"column":407}},{"start":{"line":7,"column":407},"end":{"line":7,"column":407}}]},"4":{"line":7,"type":"if","locations":[{"start":{"line":7,"column":476},"end":{"line":7,"column":476}},{"start":{"line":7,"column":476},"end":{"line":7,"column":476}}]},"5":{"line":21,"type":"cond-expr","locations":[{"start":{"line":21,"column":70},"end":{"line":21,"column":73}},{"start":{"line":21,"column":76},"end":{"line":21,"column":92}}]},"6":{"line":21,"type":"binary-expr","locations":[{"start":{"line":21,"column":46},"end":{"line":21,"column":49}},{"start":{"line":21,"column":53},"end":{"line":21,"column":67}}]},"7":{"line":23,"type":"if","locations":[{"start":{"line":23,"column":40},"end":{"line":23,"column":40}},{"start":{"line":23,"column":40},"end":{"line":23,"column":40}}]},"8":{"line":23,"type":"binary-expr","locations":[{"start":{"line":23,"column":44},"end":{"line":23,"column":47}},{"start":{"line":23,"column":51},"end":{"line":23,"column":65}}]},"9":{"line":23,"type":"if","locations":[{"start":{"line":23,"column":107},"end":{"line":23,"column":107}},{"start":{"line":23,"column":107},"end":{"line":23,"column":107}}]},"10":{"line":23,"type":"if","locations":[{"start":{"line":23,"column":149},"end":{"line":23,"column":149}},{"start":{"line":23,"column":149},"end":{"line":23,"column":149}}]},"11":{"line":25,"type":"if","locations":[{"start":{"line":25,"column":50},"end":{"line":25,"column":50}},{"start":{"line":25,"column":50},"end":{"line":25,"column":50}}]},"12":{"line":162,"type":"if","locations":[{"start":{"line":162,"column":16},"end":{"line":162,"column":16}},{"start":{"line":162,"column":16},"end":{"line":162,"column":16}}]},"13":{"line":172,"type":"if","locations":[{"start":{"line":172,"column":16},"end":{"line":172,"column":16}},{"start":{"line":172,"column":16},"end":{"line":172,"column":16}}]},"14":{"line":193,"type":"if","locations":[{"start":{"line":193,"column":12},"end":{"line":193,"column":12}},{"start":{"line":193,"column":12},"end":{"line":193,"column":12}}]},"15":{"line":195,"type":"if","locations":[{"start":{"line":195,"column":16},"end":{"line":195,"column":16}},{"start":{"line":195,"column":16},"end":{"line":195,"column":16}}]},"16":{"line":220,"type":"if","locations":[{"start":{"line":220,"column":24},"end":{"line":220,"column":24}},{"start":{"line":220,"column":24},"end":{"line":220,"column":24}}]},"17":{"line":315,"type":"cond-expr","locations":[{"start":{"line":315,"column":34},"end":{"line":315,"column":59}},{"start":{"line":315,"column":62},"end":{"line":315,"column":77}}]},"18":{"line":316,"type":"cond-expr","locations":[{"start":{"line":316,"column":63},"end":{"line":316,"column":80}},{"start":{"line":316,"column":83},"end":{"line":316,"column":85}}]},"19":{"line":320,"type":"if","locations":[{"start":{"line":320,"column":16},"end":{"line":320,"column":16}},{"start":{"line":320,"column":16},"end":{"line":320,"column":16}}]},"20":{"line":396,"type":"if","locations":[{"start":{"line":396,"column":12},"end":{"line":396,"column":12}},{"start":{"line":396,"column":12},"end":{"line":396,"column":12}}]},"21":{"line":443,"type":"if","locations":[{"start":{"line":443,"column":12},"end":{"line":443,"column":12}},{"start":{"line":443,"column":12},"end":{"line":443,"column":12}}]},"22":{"line":476,"type":"if","locations":[{"start":{"line":476,"column":12},"end":{"line":476,"column":12}},{"start":{"line":476,"column":12},"end":{"line":476,"column":12}}]},"23":{"line":515,"type":"cond-expr","locations":[{"start":{"line":515,"column":78},"end":{"line":515,"column":90}},{"start":{"line":515,"column":93},"end":{"line":515,"column":95}}]},"24":{"line":515,"type":"binary-expr","locations":[{"start":{"line":515,"column":25},"end":{"line":515,"column":45}},{"start":{"line":515,"column":49},"end":{"line":515,"column":75}}]},"25":{"line":517,"type":"cond-expr","locations":[{"start":{"line":517,"column":41},"end":{"line":517,"column":69}},{"start":{"line":517,"column":72},"end":{"line":517,"column":76}}]},"26":{"line":518,"type":"cond-expr","locations":[{"start":{"line":518,"column":50},"end":{"line":518,"column":65}},{"start":{"line":518,"column":68},"end":{"line":518,"column":70}}]},"27":{"line":523,"type":"if","locations":[{"start":{"line":523,"column":12},"end":{"line":523,"column":12}},{"start":{"line":523,"column":12},"end":{"line":523,"column":12}}]},"28":{"line":528,"type":"if","locations":[{"start":{"line":528,"column":12},"end":{"line":528,"column":12}},{"start":{"line":528,"column":12},"end":{"line":528,"column":12}}]},"29":{"line":534,"type":"if","locations":[{"start":{"line":534,"column":12},"end":{"line":534,"column":12}},{"start":{"line":534,"column":12},"end":{"line":534,"column":12}}]},"30":{"line":594,"type":"binary-expr","locations":[{"start":{"line":594,"column":19},"end":{"line":594,"column":38}},{"start":{"line":594,"column":42},"end":{"line":594,"column":46}}]},"31":{"line":671,"type":"if","locations":[{"start":{"line":671,"column":12},"end":{"line":671,"column":12}},{"start":{"line":671,"column":12},"end":{"line":671,"column":12}}]},"32":{"line":712,"type":"cond-expr","locations":[{"start":{"line":712,"column":34},"end":{"line":712,"column":59}},{"start":{"line":712,"column":62},"end":{"line":712,"column":75}}]},"33":{"line":713,"type":"cond-expr","locations":[{"start":{"line":713,"column":63},"end":{"line":713,"column":80}},{"start":{"line":713,"column":83},"end":{"line":713,"column":85}}]},"34":{"line":717,"type":"if","locations":[{"start":{"line":717,"column":16},"end":{"line":717,"column":16}},{"start":{"line":717,"column":16},"end":{"line":717,"column":16}}]},"35":{"line":774,"type":"if","locations":[{"start":{"line":774,"column":12},"end":{"line":774,"column":12}},{"start":{"line":774,"column":12},"end":{"line":774,"column":12}}]},"36":{"line":774,"type":"binary-expr","locations":[{"start":{"line":774,"column":16},"end":{"line":774,"column":52}},{"start":{"line":774,"column":56},"end":{"line":774,"column":92}}]}}},"/Users/jaredbarnes/LSS/ClarityTransactionDispatcher/lib/Query.js":{"path":"/Users/jaredbarnes/LSS/ClarityTransactionDispatcher/lib/Query.js","s":{"1":1,"2":1,"3":1,"4":1,"5":7,"6":7,"7":7,"8":7,"9":7,"10":7,"11":1,"12":1,"13":1,"14":1,"15":0,"16":1,"17":1,"18":0,"19":0,"20":1,"21":1,"22":0,"23":0,"24":0,"25":0,"26":0,"27":0,"28":0,"29":0,"30":0,"31":0,"32":1,"33":0,"34":0,"35":0,"36":0,"37":0,"38":0,"39":0,"40":0,"41":0,"42":0,"43":0,"44":0,"45":0,"46":0,"47":0,"48":0,"49":0,"50":0,"51":0,"52":0,"53":0,"54":0,"55":0,"56":0,"57":0,"58":0,"59":0,"60":0,"61":0,"62":0,"63":0,"64":0,"65":0,"66":0,"67":0,"68":0,"69":0,"70":0,"71":1,"72":1},"b":{"1":[7,7],"2":[7,0],"3":[1,0],"4":[0,1],"5":[0,0],"6":[0,0],"7":[0,0],"8":[0,0],"9":[0,0],"10":[0,0],"11":[0,0]},"f":{"1":1,"2":1,"3":1,"4":0,"5":1,"6":0,"7":0,"8":0,"9":0,"10":0,"11":0,"12":0,"13":0,"14":0,"15":0,"16":0},"fnMap":{"1":{"name":"(anonymous_1)","line":7,"loc":{"start":{"line":7,"column":19},"end":{"line":7,"column":31}}},"2":{"name":"defineProperties","line":7,"loc":{"start":{"line":7,"column":33},"end":{"line":7,"column":74}}},"3":{"name":"(anonymous_3)","line":7,"loc":{"start":{"line":7,"column":357},"end":{"line":7,"column":405}}},"4":{"name":"_classCallCheck","line":9,"loc":{"start":{"line":9,"column":0},"end":{"line":9,"column":48}}},"5":{"name":"(anonymous_5)","line":11,"loc":{"start":{"line":11,"column":12},"end":{"line":11,"column":24}}},"6":{"name":"Query","line":12,"loc":{"start":{"line":12,"column":4},"end":{"line":12,"column":44}}},"7":{"name":"_assertLock","line":28,"loc":{"start":{"line":28,"column":15},"end":{"line":28,"column":38}}},"8":{"name":"forEachAsync","line":35,"loc":{"start":{"line":35,"column":15},"end":{"line":35,"column":47}}},"9":{"name":"(anonymous_9)","line":42,"loc":{"start":{"line":42,"column":41},"end":{"line":42,"column":60}}},"10":{"name":"find","line":53,"loc":{"start":{"line":53,"column":15},"end":{"line":53,"column":37}}},"11":{"name":"sort","line":60,"loc":{"start":{"line":60,"column":15},"end":{"line":60,"column":36}}},"12":{"name":"limit","line":67,"loc":{"start":{"line":67,"column":15},"end":{"line":67,"column":38}}},"13":{"name":"nextAsync","line":74,"loc":{"start":{"line":74,"column":15},"end":{"line":74,"column":36}}},"14":{"name":"(anonymous_14)","line":89,"loc":{"start":{"line":89,"column":56},"end":{"line":89,"column":76}}},"15":{"name":"(anonymous_15)","line":91,"loc":{"start":{"line":91,"column":20},"end":{"line":91,"column":39}}},"16":{"name":"restart","line":110,"loc":{"start":{"line":110,"column":15},"end":{"line":110,"column":34}}}},"statementMap":{"1":{"start":{"line":3,"column":0},"end":{"line":5,"column":3}},"2":{"start":{"line":7,"column":0},"end":{"line":7,"column":564}},"3":{"start":{"line":7,"column":33},"end":{"line":7,"column":349}},"4":{"start":{"line":7,"column":76},"end":{"line":7,"column":347}},"5":{"start":{"line":7,"column":117},"end":{"line":7,"column":143}},"6":{"start":{"line":7,"column":144},"end":{"line":7,"column":199}},"7":{"start":{"line":7,"column":200},"end":{"line":7,"column":231}},"8":{"start":{"line":7,"column":232},"end":{"line":7,"column":286}},"9":{"start":{"line":7,"column":259},"end":{"line":7,"column":286}},"10":{"start":{"line":7,"column":287},"end":{"line":7,"column":345}},"11":{"start":{"line":7,"column":350},"end":{"line":7,"column":559}},"12":{"start":{"line":7,"column":407},"end":{"line":7,"column":475}},"13":{"start":{"line":7,"column":423},"end":{"line":7,"column":475}},"14":{"start":{"line":7,"column":476},"end":{"line":7,"column":536}},"15":{"start":{"line":7,"column":493},"end":{"line":7,"column":536}},"16":{"start":{"line":7,"column":537},"end":{"line":7,"column":556}},"17":{"start":{"line":9,"column":0},"end":{"line":9,"column":153}},"18":{"start":{"line":9,"column":50},"end":{"line":9,"column":151}},"19":{"start":{"line":9,"column":92},"end":{"line":9,"column":149}},"20":{"start":{"line":11,"column":0},"end":{"line":118,"column":4}},"21":{"start":{"line":12,"column":4},"end":{"line":24,"column":5}},"22":{"start":{"line":13,"column":8},"end":{"line":13,"column":37}},"23":{"start":{"line":15,"column":8},"end":{"line":15,"column":31}},"24":{"start":{"line":16,"column":8},"end":{"line":16,"column":45}},"25":{"start":{"line":17,"column":8},"end":{"line":17,"column":25}},"26":{"start":{"line":18,"column":8},"end":{"line":18,"column":31}},"27":{"start":{"line":19,"column":8},"end":{"line":19,"column":28}},"28":{"start":{"line":20,"column":8},"end":{"line":20,"column":24}},"29":{"start":{"line":21,"column":8},"end":{"line":21,"column":27}},"30":{"start":{"line":22,"column":8},"end":{"line":22,"column":30}},"31":{"start":{"line":23,"column":8},"end":{"line":23,"column":39}},"32":{"start":{"line":26,"column":4},"end":{"line":115,"column":8}},"33":{"start":{"line":29,"column":12},"end":{"line":31,"column":13}},"34":{"start":{"line":30,"column":16},"end":{"line":30,"column":86}},"35":{"start":{"line":36,"column":12},"end":{"line":36,"column":29}},"36":{"start":{"line":38,"column":12},"end":{"line":40,"column":13}},"37":{"start":{"line":39,"column":16},"end":{"line":39,"column":81}},"38":{"start":{"line":42,"column":12},"end":{"line":49,"column":15}},"39":{"start":{"line":43,"column":16},"end":{"line":48,"column":17}},"40":{"start":{"line":44,"column":20},"end":{"line":44,"column":45}},"41":{"start":{"line":46,"column":20},"end":{"line":46,"column":46}},"42":{"start":{"line":47,"column":20},"end":{"line":47,"column":56}},"43":{"start":{"line":54,"column":12},"end":{"line":54,"column":31}},"44":{"start":{"line":55,"column":12},"end":{"line":55,"column":65}},"45":{"start":{"line":56,"column":12},"end":{"line":56,"column":24}},"46":{"start":{"line":61,"column":12},"end":{"line":61,"column":31}},"47":{"start":{"line":62,"column":12},"end":{"line":62,"column":60}},"48":{"start":{"line":63,"column":12},"end":{"line":63,"column":24}},"49":{"start":{"line":68,"column":12},"end":{"line":68,"column":31}},"50":{"start":{"line":69,"column":12},"end":{"line":69,"column":32}},"51":{"start":{"line":70,"column":12},"end":{"line":70,"column":24}},"52":{"start":{"line":75,"column":12},"end":{"line":75,"column":30}},"53":{"start":{"line":77,"column":12},"end":{"line":77,"column":33}},"54":{"start":{"line":79,"column":12},"end":{"line":79,"column":28}},"55":{"start":{"line":81,"column":12},"end":{"line":85,"column":13}},"56":{"start":{"line":82,"column":16},"end":{"line":84,"column":18}},"57":{"start":{"line":87,"column":12},"end":{"line":87,"column":64}},"58":{"start":{"line":89,"column":12},"end":{"line":106,"column":15}},"59":{"start":{"line":90,"column":16},"end":{"line":90,"column":131}},"60":{"start":{"line":93,"column":16},"end":{"line":96,"column":17}},"61":{"start":{"line":94,"column":20},"end":{"line":94,"column":87}},"62":{"start":{"line":95,"column":20},"end":{"line":95,"column":60}},"63":{"start":{"line":98,"column":16},"end":{"line":98,"column":63}},"64":{"start":{"line":100,"column":16},"end":{"line":105,"column":17}},"65":{"start":{"line":101,"column":20},"end":{"line":101,"column":32}},"66":{"start":{"line":103,"column":20},"end":{"line":103,"column":68}},"67":{"start":{"line":104,"column":20},"end":{"line":104,"column":35}},"68":{"start":{"line":111,"column":12},"end":{"line":111,"column":31}},"69":{"start":{"line":112,"column":12},"end":{"line":112,"column":34}},"70":{"start":{"line":113,"column":12},"end":{"line":113,"column":43}},"71":{"start":{"line":117,"column":4},"end":{"line":117,"column":17}},"72":{"start":{"line":120,"column":0},"end":{"line":120,"column":24}}},"branchMap":{"1":{"line":7,"type":"binary-expr","locations":[{"start":{"line":7,"column":168},"end":{"line":7,"column":189}},{"start":{"line":7,"column":193},"end":{"line":7,"column":198}}]},"2":{"line":7,"type":"if","locations":[{"start":{"line":7,"column":232},"end":{"line":7,"column":232}},{"start":{"line":7,"column":232},"end":{"line":7,"column":232}}]},"3":{"line":7,"type":"if","locations":[{"start":{"line":7,"column":407},"end":{"line":7,"column":407}},{"start":{"line":7,"column":407},"end":{"line":7,"column":407}}]},"4":{"line":7,"type":"if","locations":[{"start":{"line":7,"column":476},"end":{"line":7,"column":476}},{"start":{"line":7,"column":476},"end":{"line":7,"column":476}}]},"5":{"line":9,"type":"if","locations":[{"start":{"line":9,"column":50},"end":{"line":9,"column":50}},{"start":{"line":9,"column":50},"end":{"line":9,"column":50}}]},"6":{"line":29,"type":"if","locations":[{"start":{"line":29,"column":12},"end":{"line":29,"column":12}},{"start":{"line":29,"column":12},"end":{"line":29,"column":12}}]},"7":{"line":38,"type":"if","locations":[{"start":{"line":38,"column":12},"end":{"line":38,"column":12}},{"start":{"line":38,"column":12},"end":{"line":38,"column":12}}]},"8":{"line":43,"type":"if","locations":[{"start":{"line":43,"column":16},"end":{"line":43,"column":16}},{"start":{"line":43,"column":16},"end":{"line":43,"column":16}}]},"9":{"line":81,"type":"if","locations":[{"start":{"line":81,"column":12},"end":{"line":81,"column":12}},{"start":{"line":81,"column":12},"end":{"line":81,"column":12}}]},"10":{"line":93,"type":"if","locations":[{"start":{"line":93,"column":16},"end":{"line":93,"column":16}},{"start":{"line":93,"column":16},"end":{"line":93,"column":16}}]},"11":{"line":100,"type":"if","locations":[{"start":{"line":100,"column":16},"end":{"line":100,"column":16}},{"start":{"line":100,"column":16},"end":{"line":100,"column":16}}]}}},"/Users/jaredbarnes/LSS/ClarityTransactionDispatcher/lib/services/FileSystemService.js":{"path":"/Users/jaredbarnes/LSS/ClarityTransactionDispatcher/lib/services/FileSystemService.js","s":{"1":1,"2":1,"3":1,"4":1,"5":3,"6":3,"7":3,"8":3,"9":3,"10":3,"11":1,"12":1,"13":1,"14":1,"15":0,"16":1,"17":1,"18":0,"19":0,"20":1,"21":1,"22":0,"23":0,"24":0,"25":0,"26":1,"27":0,"28":0,"29":0,"30":0,"31":0,"32":0,"33":0,"34":0,"35":0,"36":0,"37":0,"38":0,"39":0,"40":0,"41":1,"42":1},"b":{"1":[3,3],"2":[3,0],"3":[1,0],"4":[0,1],"5":[0,0],"6":[0,0],"7":[0,0],"8":[0,0]},"f":{"1":1,"2":1,"3":1,"4":0,"5":1,"6":0,"7":0,"8":0,"9":0,"10":0,"11":0,"12":0,"13":0,"14":0,"15":0,"16":0},"fnMap":{"1":{"name":"(anonymous_1)","line":7,"loc":{"start":{"line":7,"column":19},"end":{"line":7,"column":31}}},"2":{"name":"defineProperties","line":7,"loc":{"start":{"line":7,"column":33},"end":{"line":7,"column":74}}},"3":{"name":"(anonymous_3)","line":7,"loc":{"start":{"line":7,"column":357},"end":{"line":7,"column":405}}},"4":{"name":"_classCallCheck","line":9,"loc":{"start":{"line":9,"column":0},"end":{"line":9,"column":48}}},"5":{"name":"(anonymous_5)","line":11,"loc":{"start":{"line":11,"column":24},"end":{"line":11,"column":36}}},"6":{"name":"FileSystemService","line":12,"loc":{"start":{"line":12,"column":4},"end":{"line":12,"column":40}}},"7":{"name":"getFileReadStreamByIdAsync","line":24,"loc":{"start":{"line":24,"column":15},"end":{"line":24,"column":55}}},"8":{"name":"(anonymous_8)","line":27,"loc":{"start":{"line":27,"column":54},"end":{"line":27,"column":69}}},"9":{"name":"(anonymous_9)","line":31,"loc":{"start":{"line":31,"column":21},"end":{"line":31,"column":38}}},"10":{"name":"getFileWriteStreamByIdAsync","line":37,"loc":{"start":{"line":37,"column":15},"end":{"line":37,"column":56}}},"11":{"name":"(anonymous_11)","line":40,"loc":{"start":{"line":40,"column":54},"end":{"line":40,"column":69}}},"12":{"name":"(anonymous_12)","line":44,"loc":{"start":{"line":44,"column":21},"end":{"line":44,"column":38}}},"13":{"name":"removeFileByIdAsync","line":50,"loc":{"start":{"line":50,"column":15},"end":{"line":50,"column":48}}},"14":{"name":"(anonymous_14)","line":51,"loc":{"start":{"line":51,"column":54},"end":{"line":51,"column":69}}},"15":{"name":"(anonymous_15)","line":52,"loc":{"start":{"line":52,"column":35},"end":{"line":52,"column":62}}},"16":{"name":"(anonymous_16)","line":55,"loc":{"start":{"line":55,"column":23},"end":{"line":55,"column":40}}}},"statementMap":{"1":{"start":{"line":3,"column":0},"end":{"line":5,"column":3}},"2":{"start":{"line":7,"column":0},"end":{"line":7,"column":564}},"3":{"start":{"line":7,"column":33},"end":{"line":7,"column":349}},"4":{"start":{"line":7,"column":76},"end":{"line":7,"column":347}},"5":{"start":{"line":7,"column":117},"end":{"line":7,"column":143}},"6":{"start":{"line":7,"column":144},"end":{"line":7,"column":199}},"7":{"start":{"line":7,"column":200},"end":{"line":7,"column":231}},"8":{"start":{"line":7,"column":232},"end":{"line":7,"column":286}},"9":{"start":{"line":7,"column":259},"end":{"line":7,"column":286}},"10":{"start":{"line":7,"column":287},"end":{"line":7,"column":345}},"11":{"start":{"line":7,"column":350},"end":{"line":7,"column":559}},"12":{"start":{"line":7,"column":407},"end":{"line":7,"column":475}},"13":{"start":{"line":7,"column":423},"end":{"line":7,"column":475}},"14":{"start":{"line":7,"column":476},"end":{"line":7,"column":536}},"15":{"start":{"line":7,"column":493},"end":{"line":7,"column":536}},"16":{"start":{"line":7,"column":537},"end":{"line":7,"column":556}},"17":{"start":{"line":9,"column":0},"end":{"line":9,"column":153}},"18":{"start":{"line":9,"column":50},"end":{"line":9,"column":151}},"19":{"start":{"line":9,"column":92},"end":{"line":9,"column":149}},"20":{"start":{"line":11,"column":0},"end":{"line":68,"column":4}},"21":{"start":{"line":12,"column":4},"end":{"line":20,"column":5}},"22":{"start":{"line":13,"column":8},"end":{"line":13,"column":49}},"23":{"start":{"line":15,"column":8},"end":{"line":17,"column":9}},"24":{"start":{"line":16,"column":12},"end":{"line":16,"column":85}},"25":{"start":{"line":19,"column":8},"end":{"line":19,"column":31}},"26":{"start":{"line":22,"column":4},"end":{"line":65,"column":8}},"27":{"start":{"line":25,"column":12},"end":{"line":25,"column":29}},"28":{"start":{"line":27,"column":12},"end":{"line":33,"column":15}},"29":{"start":{"line":28,"column":16},"end":{"line":30,"column":19}},"30":{"start":{"line":32,"column":16},"end":{"line":32,"column":28}},"31":{"start":{"line":38,"column":12},"end":{"line":38,"column":69}},"32":{"start":{"line":40,"column":12},"end":{"line":46,"column":15}},"33":{"start":{"line":41,"column":16},"end":{"line":43,"column":19}},"34":{"start":{"line":45,"column":16},"end":{"line":45,"column":28}},"35":{"start":{"line":51,"column":12},"end":{"line":63,"column":15}},"36":{"start":{"line":52,"column":16},"end":{"line":62,"column":19}},"37":{"start":{"line":53,"column":20},"end":{"line":61,"column":23}},"38":{"start":{"line":56,"column":24},"end":{"line":60,"column":25}},"39":{"start":{"line":57,"column":28},"end":{"line":57,"column":42}},"40":{"start":{"line":59,"column":28},"end":{"line":59,"column":38}},"41":{"start":{"line":67,"column":4},"end":{"line":67,"column":29}},"42":{"start":{"line":70,"column":0},"end":{"line":70,"column":36}}},"branchMap":{"1":{"line":7,"type":"binary-expr","locations":[{"start":{"line":7,"column":168},"end":{"line":7,"column":189}},{"start":{"line":7,"column":193},"end":{"line":7,"column":198}}]},"2":{"line":7,"type":"if","locations":[{"start":{"line":7,"column":232},"end":{"line":7,"column":232}},{"start":{"line":7,"column":232},"end":{"line":7,"column":232}}]},"3":{"line":7,"type":"if","locations":[{"start":{"line":7,"column":407},"end":{"line":7,"column":407}},{"start":{"line":7,"column":407},"end":{"line":7,"column":407}}]},"4":{"line":7,"type":"if","locations":[{"start":{"line":7,"column":476},"end":{"line":7,"column":476}},{"start":{"line":7,"column":476},"end":{"line":7,"column":476}}]},"5":{"line":9,"type":"if","locations":[{"start":{"line":9,"column":50},"end":{"line":9,"column":50}},{"start":{"line":9,"column":50},"end":{"line":9,"column":50}}]},"6":{"line":15,"type":"if","locations":[{"start":{"line":15,"column":8},"end":{"line":15,"column":8}},{"start":{"line":15,"column":8},"end":{"line":15,"column":8}}]},"7":{"line":38,"type":"cond-expr","locations":[{"start":{"line":38,"column":33},"end":{"line":38,"column":50}},{"start":{"line":38,"column":53},"end":{"line":38,"column":68}}]},"8":{"line":56,"type":"if","locations":[{"start":{"line":56,"column":24},"end":{"line":56,"column":24}},{"start":{"line":56,"column":24},"end":{"line":56,"column":24}}]}}},"/Users/jaredbarnes/LSS/ClarityTransactionDispatcher/lib/MongoDb.js":{"path":"/Users/jaredbarnes/LSS/ClarityTransactionDispatcher/lib/MongoDb.js","s":{"1":1,"2":1,"3":1,"4":2,"5":11,"6":11,"7":11,"8":11,"9":10,"10":11,"11":1,"12":2,"13":2,"14":2,"15":0,"16":2,"17":1,"18":1,"19":1,"20":1,"21":1,"22":1,"23":1,"24":1,"25":3,"26":1,"27":2,"28":0,"29":1,"30":1,"31":1,"32":1,"33":1,"34":1,"35":1,"36":1,"37":1,"38":1,"39":1,"40":1,"41":1,"42":1,"43":1,"44":2,"45":2,"46":1,"47":1,"48":2,"49":0,"50":0,"51":0,"52":0,"53":0,"54":0,"55":0,"56":0,"57":0,"58":0,"59":0,"60":0,"61":0,"62":1,"63":1,"64":1,"65":1,"66":1,"67":1,"68":1,"69":0,"70":2,"71":2,"72":2,"73":2,"74":2,"75":2,"76":2,"77":2,"78":2,"79":2,"80":1,"81":2,"82":2,"83":0,"84":0,"85":0,"86":0,"87":0,"88":0,"89":0,"90":0,"91":2,"92":2,"93":0,"94":2,"95":0,"96":0,"97":0,"98":0,"99":0,"100":0,"101":0,"102":0,"103":0,"104":1,"105":1},"b":{"1":[11,11],"2":[10,1],"3":[2,0],"4":[0,2],"5":[0,3],"6":[3,3],"7":[0,2],"8":[0,1],"9":[1,1],"10":[0,0],"11":[0,0],"12":[2,0],"13":[1,1],"14":[0,0],"15":[0,2]},"f":{"1":1,"2":2,"3":2,"4":3,"5":2,"6":1,"7":1,"8":2,"9":0,"10":0,"11":0,"12":1,"13":1,"14":0,"15":2,"16":2,"17":2,"18":0,"19":2,"20":0,"21":0,"22":0,"23":0,"24":0,"25":0},"fnMap":{"1":{"name":"(anonymous_1)","line":7,"loc":{"start":{"line":7,"column":19},"end":{"line":7,"column":31}}},"2":{"name":"defineProperties","line":7,"loc":{"start":{"line":7,"column":33},"end":{"line":7,"column":74}}},"3":{"name":"(anonymous_3)","line":7,"loc":{"start":{"line":7,"column":357},"end":{"line":7,"column":405}}},"4":{"name":"_interopRequireDefault","line":23,"loc":{"start":{"line":23,"column":0},"end":{"line":23,"column":37}}},"5":{"name":"_classCallCheck","line":25,"loc":{"start":{"line":25,"column":0},"end":{"line":25,"column":48}}},"6":{"name":"(anonymous_6)","line":38,"loc":{"start":{"line":38,"column":19},"end":{"line":38,"column":31}}},"7":{"name":"MongoProcess","line":39,"loc":{"start":{"line":39,"column":4},"end":{"line":39,"column":32}}},"8":{"name":"startAsync","line":51,"loc":{"start":{"line":51,"column":15},"end":{"line":51,"column":37}}},"9":{"name":"(anonymous_9)","line":59,"loc":{"start":{"line":59,"column":49},"end":{"line":59,"column":61}}},"10":{"name":"stopAsync","line":66,"loc":{"start":{"line":66,"column":15},"end":{"line":66,"column":36}}},"11":{"name":"(anonymous_11)","line":70,"loc":{"start":{"line":70,"column":53},"end":{"line":70,"column":65}}},"12":{"name":"(anonymous_12)","line":90,"loc":{"start":{"line":90,"column":14},"end":{"line":90,"column":26}}},"13":{"name":"MongoDb","line":91,"loc":{"start":{"line":91,"column":4},"end":{"line":91,"column":29}}},"14":{"name":"_getDbPath","line":100,"loc":{"start":{"line":100,"column":15},"end":{"line":100,"column":37}}},"15":{"name":"_getPort","line":105,"loc":{"start":{"line":105,"column":15},"end":{"line":105,"column":35}}},"16":{"name":"_getArgValue","line":110,"loc":{"start":{"line":110,"column":15},"end":{"line":110,"column":43}}},"17":{"name":"startAsync","line":117,"loc":{"start":{"line":117,"column":15},"end":{"line":117,"column":37}}},"18":{"name":"stopAsync","line":135,"loc":{"start":{"line":135,"column":15},"end":{"line":135,"column":36}}},"19":{"name":"getDatabaseAsync","line":151,"loc":{"start":{"line":151,"column":15},"end":{"line":151,"column":55}}},"20":{"name":"(anonymous_20)","line":158,"loc":{"start":{"line":158,"column":42},"end":{"line":158,"column":54}}},"21":{"name":"getGridFsAsync","line":167,"loc":{"start":{"line":167,"column":15},"end":{"line":167,"column":53}}},"22":{"name":"(anonymous_22)","line":170,"loc":{"start":{"line":170,"column":35},"end":{"line":170,"column":47}}},"23":{"name":"(anonymous_23)","line":172,"loc":{"start":{"line":172,"column":20},"end":{"line":172,"column":34}}},"24":{"name":"getObjectID","line":178,"loc":{"start":{"line":178,"column":15},"end":{"line":178,"column":38}}},"25":{"name":"get","line":183,"loc":{"start":{"line":183,"column":13},"end":{"line":183,"column":28}}}},"statementMap":{"1":{"start":{"line":3,"column":0},"end":{"line":5,"column":3}},"2":{"start":{"line":7,"column":0},"end":{"line":7,"column":564}},"3":{"start":{"line":7,"column":33},"end":{"line":7,"column":349}},"4":{"start":{"line":7,"column":76},"end":{"line":7,"column":347}},"5":{"start":{"line":7,"column":117},"end":{"line":7,"column":143}},"6":{"start":{"line":7,"column":144},"end":{"line":7,"column":199}},"7":{"start":{"line":7,"column":200},"end":{"line":7,"column":231}},"8":{"start":{"line":7,"column":232},"end":{"line":7,"column":286}},"9":{"start":{"line":7,"column":259},"end":{"line":7,"column":286}},"10":{"start":{"line":7,"column":287},"end":{"line":7,"column":345}},"11":{"start":{"line":7,"column":350},"end":{"line":7,"column":559}},"12":{"start":{"line":7,"column":407},"end":{"line":7,"column":475}},"13":{"start":{"line":7,"column":423},"end":{"line":7,"column":475}},"14":{"start":{"line":7,"column":476},"end":{"line":7,"column":536}},"15":{"start":{"line":7,"column":493},"end":{"line":7,"column":536}},"16":{"start":{"line":7,"column":537},"end":{"line":7,"column":556}},"17":{"start":{"line":9,"column":0},"end":{"line":9,"column":51}},"18":{"start":{"line":11,"column":0},"end":{"line":11,"column":34}},"19":{"start":{"line":13,"column":0},"end":{"line":13,"column":49}},"20":{"start":{"line":15,"column":0},"end":{"line":15,"column":45}},"21":{"start":{"line":17,"column":0},"end":{"line":17,"column":59}},"22":{"start":{"line":19,"column":0},"end":{"line":19,"column":35}},"23":{"start":{"line":21,"column":0},"end":{"line":21,"column":49}},"24":{"start":{"line":23,"column":0},"end":{"line":23,"column":95}},"25":{"start":{"line":23,"column":39},"end":{"line":23,"column":93}},"26":{"start":{"line":25,"column":0},"end":{"line":25,"column":153}},"27":{"start":{"line":25,"column":50},"end":{"line":25,"column":151}},"28":{"start":{"line":25,"column":92},"end":{"line":25,"column":149}},"29":{"start":{"line":27,"column":0},"end":{"line":27,"column":48}},"30":{"start":{"line":28,"column":0},"end":{"line":28,"column":42}},"31":{"start":{"line":29,"column":0},"end":{"line":29,"column":40}},"32":{"start":{"line":30,"column":0},"end":{"line":30,"column":71}},"33":{"start":{"line":31,"column":0},"end":{"line":34,"column":2}},"34":{"start":{"line":36,"column":0},"end":{"line":36,"column":24}},"35":{"start":{"line":38,"column":0},"end":{"line":88,"column":4}},"36":{"start":{"line":39,"column":4},"end":{"line":47,"column":5}},"37":{"start":{"line":40,"column":8},"end":{"line":40,"column":44}},"38":{"start":{"line":42,"column":8},"end":{"line":42,"column":25}},"39":{"start":{"line":43,"column":8},"end":{"line":43,"column":32}},"40":{"start":{"line":44,"column":8},"end":{"line":44,"column":40}},"41":{"start":{"line":45,"column":8},"end":{"line":45,"column":35}},"42":{"start":{"line":46,"column":8},"end":{"line":46,"column":29}},"43":{"start":{"line":49,"column":4},"end":{"line":85,"column":8}},"44":{"start":{"line":52,"column":12},"end":{"line":52,"column":29}},"45":{"start":{"line":54,"column":12},"end":{"line":57,"column":13}},"46":{"start":{"line":55,"column":16},"end":{"line":55,"column":80}},"47":{"start":{"line":56,"column":16},"end":{"line":56,"column":66}},"48":{"start":{"line":59,"column":12},"end":{"line":62,"column":15}},"49":{"start":{"line":60,"column":16},"end":{"line":60,"column":36}},"50":{"start":{"line":61,"column":16},"end":{"line":61,"column":43}},"51":{"start":{"line":67,"column":12},"end":{"line":67,"column":30}},"52":{"start":{"line":69,"column":12},"end":{"line":83,"column":13}},"53":{"start":{"line":70,"column":16},"end":{"line":80,"column":19}},"54":{"start":{"line":71,"column":20},"end":{"line":71,"column":41}},"55":{"start":{"line":72,"column":20},"end":{"line":79,"column":21}},"56":{"start":{"line":73,"column":24},"end":{"line":78,"column":42}},"57":{"start":{"line":74,"column":28},"end":{"line":74,"column":76}},"58":{"start":{"line":75,"column":28},"end":{"line":75,"column":54}},"59":{"start":{"line":76,"column":28},"end":{"line":76,"column":62}},"60":{"start":{"line":77,"column":28},"end":{"line":77,"column":57}},"61":{"start":{"line":82,"column":16},"end":{"line":82,"column":39}},"62":{"start":{"line":87,"column":4},"end":{"line":87,"column":24}},"63":{"start":{"line":90,"column":0},"end":{"line":189,"column":4}},"64":{"start":{"line":91,"column":4},"end":{"line":96,"column":5}},"65":{"start":{"line":92,"column":8},"end":{"line":92,"column":39}},"66":{"start":{"line":94,"column":8},"end":{"line":94,"column":70}},"67":{"start":{"line":95,"column":8},"end":{"line":95,"column":28}},"68":{"start":{"line":98,"column":4},"end":{"line":186,"column":8}},"69":{"start":{"line":101,"column":12},"end":{"line":101,"column":49}},"70":{"start":{"line":106,"column":12},"end":{"line":106,"column":47}},"71":{"start":{"line":111,"column":12},"end":{"line":111,"column":61}},"72":{"start":{"line":112,"column":12},"end":{"line":112,"column":93}},"73":{"start":{"line":113,"column":12},"end":{"line":113,"column":32}},"74":{"start":{"line":118,"column":12},"end":{"line":118,"column":40}},"75":{"start":{"line":119,"column":12},"end":{"line":119,"column":39}},"76":{"start":{"line":120,"column":12},"end":{"line":120,"column":36}},"77":{"start":{"line":121,"column":12},"end":{"line":121,"column":38}},"78":{"start":{"line":123,"column":12},"end":{"line":123,"column":46}},"79":{"start":{"line":125,"column":12},"end":{"line":127,"column":13}},"80":{"start":{"line":126,"column":16},"end":{"line":126,"column":71}},"81":{"start":{"line":129,"column":12},"end":{"line":129,"column":35}},"82":{"start":{"line":131,"column":12},"end":{"line":131,"column":40}},"83":{"start":{"line":136,"column":12},"end":{"line":136,"column":40}},"84":{"start":{"line":137,"column":12},"end":{"line":137,"column":39}},"85":{"start":{"line":138,"column":12},"end":{"line":138,"column":36}},"86":{"start":{"line":139,"column":12},"end":{"line":139,"column":38}},"87":{"start":{"line":141,"column":12},"end":{"line":141,"column":46}},"88":{"start":{"line":143,"column":12},"end":{"line":145,"column":13}},"89":{"start":{"line":144,"column":16},"end":{"line":144,"column":39}},"90":{"start":{"line":147,"column":12},"end":{"line":147,"column":39}},"91":{"start":{"line":152,"column":12},"end":{"line":152,"column":30}},"92":{"start":{"line":154,"column":12},"end":{"line":156,"column":13}},"93":{"start":{"line":155,"column":16},"end":{"line":155,"column":96}},"94":{"start":{"line":158,"column":12},"end":{"line":163,"column":15}},"95":{"start":{"line":159,"column":16},"end":{"line":159,"column":43}},"96":{"start":{"line":160,"column":16},"end":{"line":160,"column":106}},"97":{"start":{"line":162,"column":16},"end":{"line":162,"column":56}},"98":{"start":{"line":168,"column":12},"end":{"line":168,"column":30}},"99":{"start":{"line":170,"column":12},"end":{"line":174,"column":15}},"100":{"start":{"line":171,"column":16},"end":{"line":171,"column":61}},"101":{"start":{"line":173,"column":16},"end":{"line":173,"column":73}},"102":{"start":{"line":179,"column":12},"end":{"line":179,"column":28}},"103":{"start":{"line":184,"column":12},"end":{"line":184,"column":46}},"104":{"start":{"line":188,"column":4},"end":{"line":188,"column":19}},"105":{"start":{"line":191,"column":0},"end":{"line":191,"column":26}}},"branchMap":{"1":{"line":7,"type":"binary-expr","locations":[{"start":{"line":7,"column":168},"end":{"line":7,"column":189}},{"start":{"line":7,"column":193},"end":{"line":7,"column":198}}]},"2":{"line":7,"type":"if","locations":[{"start":{"line":7,"column":232},"end":{"line":7,"column":232}},{"start":{"line":7,"column":232},"end":{"line":7,"column":232}}]},"3":{"line":7,"type":"if","locations":[{"start":{"line":7,"column":407},"end":{"line":7,"column":407}},{"start":{"line":7,"column":407},"end":{"line":7,"column":407}}]},"4":{"line":7,"type":"if","locations":[{"start":{"line":7,"column":476},"end":{"line":7,"column":476}},{"start":{"line":7,"column":476},"end":{"line":7,"column":476}}]},"5":{"line":23,"type":"cond-expr","locations":[{"start":{"line":23,"column":70},"end":{"line":23,"column":73}},{"start":{"line":23,"column":76},"end":{"line":23,"column":92}}]},"6":{"line":23,"type":"binary-expr","locations":[{"start":{"line":23,"column":46},"end":{"line":23,"column":49}},{"start":{"line":23,"column":53},"end":{"line":23,"column":67}}]},"7":{"line":25,"type":"if","locations":[{"start":{"line":25,"column":50},"end":{"line":25,"column":50}},{"start":{"line":25,"column":50},"end":{"line":25,"column":50}}]},"8":{"line":30,"type":"cond-expr","locations":[{"start":{"line":30,"column":45},"end":{"line":30,"column":57}},{"start":{"line":30,"column":60},"end":{"line":30,"column":70}}]},"9":{"line":54,"type":"if","locations":[{"start":{"line":54,"column":12},"end":{"line":54,"column":12}},{"start":{"line":54,"column":12},"end":{"line":54,"column":12}}]},"10":{"line":69,"type":"if","locations":[{"start":{"line":69,"column":12},"end":{"line":69,"column":12}},{"start":{"line":69,"column":12},"end":{"line":69,"column":12}}]},"11":{"line":72,"type":"if","locations":[{"start":{"line":72,"column":20},"end":{"line":72,"column":20}},{"start":{"line":72,"column":20},"end":{"line":72,"column":20}}]},"12":{"line":112,"type":"cond-expr","locations":[{"start":{"line":112,"column":50},"end":{"line":112,"column":83}},{"start":{"line":112,"column":86},"end":{"line":112,"column":92}}]},"13":{"line":125,"type":"if","locations":[{"start":{"line":125,"column":12},"end":{"line":125,"column":12}},{"start":{"line":125,"column":12},"end":{"line":125,"column":12}}]},"14":{"line":143,"type":"if","locations":[{"start":{"line":143,"column":12},"end":{"line":143,"column":12}},{"start":{"line":143,"column":12},"end":{"line":143,"column":12}}]},"15":{"line":154,"type":"if","locations":[{"start":{"line":154,"column":12},"end":{"line":154,"column":12}},{"start":{"line":154,"column":12},"end":{"line":154,"column":12}}]}}},"/Users/jaredbarnes/LSS/ClarityTransactionDispatcher/lib/EntityUtility.js":{"path":"/Users/jaredbarnes/LSS/ClarityTransactionDispatcher/lib/EntityUtility.js","s":{"1":1,"2":1,"3":1,"4":1,"5":5,"6":5,"7":5,"8":5,"9":5,"10":5,"11":1,"12":1,"13":1,"14":1,"15":0,"16":1,"17":1,"18":0,"19":0,"20":1,"21":1,"22":0,"23":0,"24":1,"25":0,"26":0,"27":0,"28":0,"29":0,"30":0,"31":0,"32":0,"33":0,"34":0,"35":0,"36":0,"37":0,"38":1,"39":1},"b":{"1":[5,5],"2":[5,0],"3":[1,0],"4":[0,1],"5":[0,0],"6":[0,0],"7":[0,0],"8":[0,0],"9":[0,0]},"f":{"1":1,"2":1,"3":1,"4":0,"5":1,"6":0,"7":0,"8":0,"9":0,"10":0,"11":0,"12":0,"13":0},"fnMap":{"1":{"name":"(anonymous_1)","line":7,"loc":{"start":{"line":7,"column":19},"end":{"line":7,"column":31}}},"2":{"name":"defineProperties","line":7,"loc":{"start":{"line":7,"column":33},"end":{"line":7,"column":74}}},"3":{"name":"(anonymous_3)","line":7,"loc":{"start":{"line":7,"column":357},"end":{"line":7,"column":405}}},"4":{"name":"_classCallCheck","line":9,"loc":{"start":{"line":9,"column":0},"end":{"line":9,"column":48}}},"5":{"name":"(anonymous_5)","line":11,"loc":{"start":{"line":11,"column":20},"end":{"line":11,"column":32}}},"6":{"name":"EntityUtility","line":12,"loc":{"start":{"line":12,"column":4},"end":{"line":12,"column":35}}},"7":{"name":"_assertHasEntity","line":20,"loc":{"start":{"line":20,"column":15},"end":{"line":20,"column":43}}},"8":{"name":"getComponent","line":27,"loc":{"start":{"line":27,"column":15},"end":{"line":27,"column":43}}},"9":{"name":"getComponents","line":34,"loc":{"start":{"line":34,"column":15},"end":{"line":34,"column":44}}},"10":{"name":"(anonymous_10)","line":37,"loc":{"start":{"line":37,"column":49},"end":{"line":37,"column":70}}},"11":{"name":"hasComponent","line":43,"loc":{"start":{"line":43,"column":15},"end":{"line":43,"column":43}}},"12":{"name":"hasTypeComposition","line":50,"loc":{"start":{"line":50,"column":15},"end":{"line":50,"column":50}}},"13":{"name":"(anonymous_13)","line":55,"loc":{"start":{"line":55,"column":31},"end":{"line":55,"column":47}}}},"statementMap":{"1":{"start":{"line":3,"column":0},"end":{"line":5,"column":3}},"2":{"start":{"line":7,"column":0},"end":{"line":7,"column":564}},"3":{"start":{"line":7,"column":33},"end":{"line":7,"column":349}},"4":{"start":{"line":7,"column":76},"end":{"line":7,"column":347}},"5":{"start":{"line":7,"column":117},"end":{"line":7,"column":143}},"6":{"start":{"line":7,"column":144},"end":{"line":7,"column":199}},"7":{"start":{"line":7,"column":200},"end":{"line":7,"column":231}},"8":{"start":{"line":7,"column":232},"end":{"line":7,"column":286}},"9":{"start":{"line":7,"column":259},"end":{"line":7,"column":286}},"10":{"start":{"line":7,"column":287},"end":{"line":7,"column":345}},"11":{"start":{"line":7,"column":350},"end":{"line":7,"column":559}},"12":{"start":{"line":7,"column":407},"end":{"line":7,"column":475}},"13":{"start":{"line":7,"column":423},"end":{"line":7,"column":475}},"14":{"start":{"line":7,"column":476},"end":{"line":7,"column":536}},"15":{"start":{"line":7,"column":493},"end":{"line":7,"column":536}},"16":{"start":{"line":7,"column":537},"end":{"line":7,"column":556}},"17":{"start":{"line":9,"column":0},"end":{"line":9,"column":153}},"18":{"start":{"line":9,"column":50},"end":{"line":9,"column":151}},"19":{"start":{"line":9,"column":92},"end":{"line":9,"column":149}},"20":{"start":{"line":11,"column":0},"end":{"line":62,"column":4}},"21":{"start":{"line":12,"column":4},"end":{"line":16,"column":5}},"22":{"start":{"line":13,"column":8},"end":{"line":13,"column":45}},"23":{"start":{"line":15,"column":8},"end":{"line":15,"column":37}},"24":{"start":{"line":18,"column":4},"end":{"line":59,"column":8}},"25":{"start":{"line":21,"column":12},"end":{"line":23,"column":13}},"26":{"start":{"line":22,"column":16},"end":{"line":22,"column":82}},"27":{"start":{"line":28,"column":12},"end":{"line":28,"column":36}},"28":{"start":{"line":30,"column":12},"end":{"line":30,"column":55}},"29":{"start":{"line":35,"column":12},"end":{"line":35,"column":36}},"30":{"start":{"line":37,"column":12},"end":{"line":39,"column":15}},"31":{"start":{"line":38,"column":16},"end":{"line":38,"column":47}},"32":{"start":{"line":44,"column":12},"end":{"line":44,"column":36}},"33":{"start":{"line":46,"column":12},"end":{"line":46,"column":66}},"34":{"start":{"line":51,"column":12},"end":{"line":51,"column":29}},"35":{"start":{"line":53,"column":12},"end":{"line":53,"column":36}},"36":{"start":{"line":55,"column":12},"end":{"line":57,"column":15}},"37":{"start":{"line":56,"column":16},"end":{"line":56,"column":48}},"38":{"start":{"line":61,"column":4},"end":{"line":61,"column":25}},"39":{"start":{"line":64,"column":0},"end":{"line":64,"column":32}}},"branchMap":{"1":{"line":7,"type":"binary-expr","locations":[{"start":{"line":7,"column":168},"end":{"line":7,"column":189}},{"start":{"line":7,"column":193},"end":{"line":7,"column":198}}]},"2":{"line":7,"type":"if","locations":[{"start":{"line":7,"column":232},"end":{"line":7,"column":232}},{"start":{"line":7,"column":232},"end":{"line":7,"column":232}}]},"3":{"line":7,"type":"if","locations":[{"start":{"line":7,"column":407},"end":{"line":7,"column":407}},{"start":{"line":7,"column":407},"end":{"line":7,"column":407}}]},"4":{"line":7,"type":"if","locations":[{"start":{"line":7,"column":476},"end":{"line":7,"column":476}},{"start":{"line":7,"column":476},"end":{"line":7,"column":476}}]},"5":{"line":9,"type":"if","locations":[{"start":{"line":9,"column":50},"end":{"line":9,"column":50}},{"start":{"line":9,"column":50},"end":{"line":9,"column":50}}]},"6":{"line":15,"type":"binary-expr","locations":[{"start":{"line":15,"column":22},"end":{"line":15,"column":28}},{"start":{"line":15,"column":32},"end":{"line":15,"column":36}}]},"7":{"line":21,"type":"if","locations":[{"start":{"line":21,"column":12},"end":{"line":21,"column":12}},{"start":{"line":21,"column":12},"end":{"line":21,"column":12}}]},"8":{"line":30,"type":"binary-expr","locations":[{"start":{"line":30,"column":19},"end":{"line":30,"column":46}},{"start":{"line":30,"column":50},"end":{"line":30,"column":54}}]},"9":{"line":46,"type":"cond-expr","locations":[{"start":{"line":46,"column":53},"end":{"line":46,"column":57}},{"start":{"line":46,"column":60},"end":{"line":46,"column":65}}]}}}}