{"/Users/jaredbarnes/LSS/ClarityTransactionDispatcher/lib/ClarityTransactionDispatcher.js":{"path":"/Users/jaredbarnes/LSS/ClarityTransactionDispatcher/lib/ClarityTransactionDispatcher.js","s":{"1":1,"2":1,"3":1,"4":1,"5":35,"6":35,"7":35,"8":35,"9":35,"10":35,"11":1,"12":1,"13":1,"14":1,"15":0,"16":1,"17":1,"18":1,"19":1,"20":1,"21":1,"22":2,"23":0,"24":2,"25":2,"26":2,"27":93,"28":93,"29":2,"30":2,"31":1,"32":0,"33":0,"34":1,"35":1,"36":1,"37":1,"38":1,"39":1,"40":0,"41":0,"42":0,"43":0,"44":0,"45":0,"46":0,"47":0,"48":1,"49":0,"50":0,"51":0,"52":0,"53":0,"54":0,"55":0,"56":0,"57":0,"58":0,"59":0,"60":0,"61":0,"62":0,"63":0,"64":0,"65":0,"66":0,"67":0,"68":0,"69":0,"70":0,"71":0,"72":0,"73":0,"74":0,"75":0,"76":0,"77":0,"78":0,"79":0,"80":0,"81":0,"82":0,"83":0,"84":0,"85":0,"86":0,"87":0,"88":0,"89":0,"90":0,"91":0,"92":0,"93":0,"94":0,"95":0,"96":0,"97":0,"98":0,"99":0,"100":0,"101":0,"102":0,"103":0,"104":0,"105":0,"106":0,"107":0,"108":0,"109":0,"110":0,"111":0,"112":0,"113":0,"114":0,"115":0,"116":0,"117":0,"118":0,"119":0,"120":0,"121":0,"122":0,"123":0,"124":0,"125":0,"126":0,"127":0,"128":0,"129":0,"130":0,"131":0,"132":0,"133":0,"134":0,"135":0,"136":0,"137":0,"138":0,"139":0,"140":0,"141":0,"142":0,"143":0,"144":0,"145":0,"146":0,"147":0,"148":0,"149":0,"150":0,"151":0,"152":0,"153":0,"154":0,"155":0,"156":0,"157":0,"158":0,"159":0,"160":0,"161":0,"162":0,"163":0,"164":0,"165":0,"166":0,"167":0,"168":0,"169":0,"170":0,"171":0,"172":0,"173":0,"174":0,"175":0,"176":0,"177":0,"178":0,"179":0,"180":0,"181":0,"182":0,"183":0,"184":0,"185":0,"186":0,"187":0,"188":0,"189":0,"190":0,"191":0,"192":0,"193":0,"194":0,"195":0,"196":0,"197":0,"198":0,"199":0,"200":0,"201":0,"202":0,"203":0,"204":0,"205":0,"206":0,"207":0,"208":0,"209":0,"210":0,"211":0,"212":0,"213":0,"214":0,"215":0,"216":0,"217":0,"218":0,"219":0,"220":0,"221":0,"222":0,"223":0,"224":0,"225":0,"226":0,"227":0,"228":0,"229":0,"230":0,"231":0,"232":0,"233":0,"234":0,"235":0,"236":0,"237":0,"238":0,"239":0,"240":0,"241":0,"242":0,"243":0,"244":0,"245":0,"246":0,"247":0,"248":0,"249":0,"250":0,"251":0,"252":0,"253":0,"254":1,"255":1},"b":{"1":[35,35],"2":[35,0],"3":[1,0],"4":[0,1],"5":[0,2],"6":[2,2],"7":[2,0],"8":[93,0],"9":[0,0],"10":[0,0],"11":[0,0],"12":[0,0],"13":[0,0],"14":[0,0],"15":[0,0],"16":[0,0],"17":[0,0],"18":[0,0],"19":[0,0],"20":[0,0],"21":[0,0],"22":[0,0],"23":[0,0],"24":[0,0],"25":[0,0],"26":[0,0],"27":[0,0],"28":[0,0],"29":[0,0],"30":[0,0],"31":[0,0],"32":[0,0],"33":[0,0]},"f":{"1":1,"2":1,"3":1,"4":2,"5":0,"6":1,"7":0,"8":0,"9":0,"10":0,"11":0,"12":0,"13":0,"14":0,"15":0,"16":0,"17":0,"18":0,"19":0,"20":0,"21":0,"22":0,"23":0,"24":0,"25":0,"26":0,"27":0,"28":0,"29":0,"30":0,"31":0,"32":0,"33":0,"34":0,"35":0,"36":0,"37":0,"38":0,"39":0,"40":0,"41":0,"42":0,"43":0,"44":0,"45":0,"46":0,"47":0,"48":0,"49":0,"50":0,"51":0,"52":0,"53":0,"54":0,"55":0,"56":0,"57":0,"58":0,"59":0,"60":0,"61":0,"62":0,"63":0,"64":0,"65":0,"66":0,"67":0,"68":0,"69":0,"70":0,"71":0,"72":0,"73":0,"74":0,"75":0,"76":0,"77":0,"78":0,"79":0,"80":0,"81":0,"82":0,"83":0,"84":0,"85":0,"86":0,"87":0,"88":0,"89":0,"90":0,"91":0,"92":0,"93":0,"94":0,"95":0},"fnMap":{"1":{"name":"(anonymous_1)","line":7,"loc":{"start":{"line":7,"column":19},"end":{"line":7,"column":31}}},"2":{"name":"defineProperties","line":7,"loc":{"start":{"line":7,"column":33},"end":{"line":7,"column":74}}},"3":{"name":"(anonymous_3)","line":7,"loc":{"start":{"line":7,"column":357},"end":{"line":7,"column":405}}},"4":{"name":"_interopRequireWildcard","line":17,"loc":{"start":{"line":17,"column":0},"end":{"line":17,"column":38}}},"5":{"name":"_classCallCheck","line":19,"loc":{"start":{"line":19,"column":0},"end":{"line":19,"column":48}}},"6":{"name":"(anonymous_6)","line":43,"loc":{"start":{"line":43,"column":35},"end":{"line":43,"column":47}}},"7":{"name":"ClarityTransactionDispatcher","line":50,"loc":{"start":{"line":50,"column":4},"end":{"line":50,"column":51}}},"8":{"name":"_addItemToCollectionAsync","line":74,"loc":{"start":{"line":74,"column":15},"end":{"line":74,"column":72}}},"9":{"name":"(anonymous_9)","line":77,"loc":{"start":{"line":77,"column":49},"end":{"line":77,"column":63}}},"10":{"name":"(anonymous_10)","line":79,"loc":{"start":{"line":79,"column":20},"end":{"line":79,"column":42}}},"11":{"name":"(anonymous_11)","line":81,"loc":{"start":{"line":81,"column":20},"end":{"line":81,"column":38}}},"12":{"name":"_assertIsStarted","line":93,"loc":{"start":{"line":93,"column":15},"end":{"line":93,"column":43}}},"13":{"name":"_assignObjectIdsToComponents","line":106,"loc":{"start":{"line":106,"column":15},"end":{"line":106,"column":61}}},"14":{"name":"(anonymous_14)","line":109,"loc":{"start":{"line":109,"column":38},"end":{"line":109,"column":59}}},"15":{"name":"_findOneAsync","line":125,"loc":{"start":{"line":125,"column":15},"end":{"line":125,"column":62}}},"16":{"name":"(anonymous_16)","line":126,"loc":{"start":{"line":126,"column":49},"end":{"line":126,"column":63}}},"17":{"name":"(anonymous_17)","line":128,"loc":{"start":{"line":128,"column":20},"end":{"line":128,"column":42}}},"18":{"name":"_findAsync","line":140,"loc":{"start":{"line":140,"column":15},"end":{"line":140,"column":75}}},"19":{"name":"(anonymous_19)","line":141,"loc":{"start":{"line":141,"column":49},"end":{"line":141,"column":63}}},"20":{"name":"(anonymous_20)","line":143,"loc":{"start":{"line":143,"column":20},"end":{"line":143,"column":42}}},"21":{"name":"_getCountAsync","line":155,"loc":{"start":{"line":155,"column":15},"end":{"line":155,"column":55}}},"22":{"name":"(anonymous_22)","line":156,"loc":{"start":{"line":156,"column":49},"end":{"line":156,"column":63}}},"23":{"name":"(anonymous_23)","line":158,"loc":{"start":{"line":158,"column":20},"end":{"line":158,"column":42}}},"24":{"name":"_getDatabaseAsync","line":171,"loc":{"start":{"line":171,"column":15},"end":{"line":171,"column":44}}},"25":{"name":"_initializingSystemAsync","line":182,"loc":{"start":{"line":182,"column":15},"end":{"line":182,"column":57}}},"26":{"name":"(anonymous_26)","line":191,"loc":{"start":{"line":191,"column":75},"end":{"line":191,"column":97}}},"27":{"name":"(anonymous_27)","line":202,"loc":{"start":{"line":202,"column":20},"end":{"line":202,"column":42}}},"28":{"name":"(anonymous_28)","line":204,"loc":{"start":{"line":204,"column":95},"end":{"line":204,"column":107}}},"29":{"name":"(anonymous_29)","line":209,"loc":{"start":{"line":209,"column":21},"end":{"line":209,"column":38}}},"30":{"name":"_invokeMethodAsync","line":222,"loc":{"start":{"line":222,"column":15},"end":{"line":222,"column":66}}},"31":{"name":"_notifySystemsAsync","line":245,"loc":{"start":{"line":245,"column":15},"end":{"line":245,"column":62}}},"32":{"name":"(anonymous_32)","line":248,"loc":{"start":{"line":248,"column":39},"end":{"line":248,"column":66}}},"33":{"name":"(anonymous_33)","line":250,"loc":{"start":{"line":250,"column":36},"end":{"line":250,"column":48}}},"34":{"name":"_notifySystemsWithRecoveryAsync","line":274,"loc":{"start":{"line":274,"column":15},"end":{"line":274,"column":74}}},"35":{"name":"(anonymous_35)","line":277,"loc":{"start":{"line":277,"column":39},"end":{"line":277,"column":66}}},"36":{"name":"(anonymous_36)","line":279,"loc":{"start":{"line":279,"column":36},"end":{"line":279,"column":48}}},"37":{"name":"(anonymous_37)","line":287,"loc":{"start":{"line":287,"column":25},"end":{"line":287,"column":37}}},"38":{"name":"_removeItemfromCollection","line":301,"loc":{"start":{"line":301,"column":15},"end":{"line":301,"column":72}}},"39":{"name":"(anonymous_39)","line":304,"loc":{"start":{"line":304,"column":49},"end":{"line":304,"column":63}}},"40":{"name":"(anonymous_40)","line":306,"loc":{"start":{"line":306,"column":20},"end":{"line":306,"column":42}}},"41":{"name":"_updateItemInCollectionAsync","line":321,"loc":{"start":{"line":321,"column":15},"end":{"line":321,"column":75}}},"42":{"name":"(anonymous_42)","line":325,"loc":{"start":{"line":325,"column":49},"end":{"line":325,"column":63}}},"43":{"name":"(anonymous_43)","line":327,"loc":{"start":{"line":327,"column":20},"end":{"line":327,"column":42}}},"44":{"name":"addEntityAsync","line":348,"loc":{"start":{"line":348,"column":15},"end":{"line":348,"column":47}}},"45":{"name":"(anonymous_45)","line":361,"loc":{"start":{"line":361,"column":105},"end":{"line":361,"column":117}}},"46":{"name":"(anonymous_46)","line":363,"loc":{"start":{"line":363,"column":20},"end":{"line":363,"column":32}}},"47":{"name":"(anonymous_47)","line":365,"loc":{"start":{"line":365,"column":20},"end":{"line":365,"column":38}}},"48":{"name":"(anonymous_48)","line":366,"loc":{"start":{"line":366,"column":112},"end":{"line":366,"column":124}}},"49":{"name":"(anonymous_49)","line":369,"loc":{"start":{"line":369,"column":21},"end":{"line":369,"column":38}}},"50":{"name":"addServiceAsync","line":385,"loc":{"start":{"line":385,"column":15},"end":{"line":385,"column":55}}},"51":{"name":"addSystemAsync","line":430,"loc":{"start":{"line":430,"column":15},"end":{"line":430,"column":47}}},"52":{"name":"(anonymous_52)","line":439,"loc":{"start":{"line":439,"column":66},"end":{"line":439,"column":78}}},"53":{"name":"(anonymous_53)","line":446,"loc":{"start":{"line":446,"column":24},"end":{"line":446,"column":36}}},"54":{"name":"(anonymous_54)","line":451,"loc":{"start":{"line":451,"column":25},"end":{"line":451,"column":42}}},"55":{"name":"approveEntityToBeRemovedAsync","line":465,"loc":{"start":{"line":465,"column":15},"end":{"line":465,"column":62}}},"56":{"name":"deactivateSystemAsync","line":480,"loc":{"start":{"line":480,"column":15},"end":{"line":480,"column":54}}},"57":{"name":"(anonymous_57)","line":495,"loc":{"start":{"line":495,"column":109},"end":{"line":495,"column":121}}},"58":{"name":"(anonymous_58)","line":500,"loc":{"start":{"line":500,"column":29},"end":{"line":500,"column":41}}},"59":{"name":"disposeSystemAsync","line":518,"loc":{"start":{"line":518,"column":15},"end":{"line":518,"column":51}}},"60":{"name":"(anonymous_60)","line":533,"loc":{"start":{"line":533,"column":103},"end":{"line":533,"column":115}}},"61":{"name":"(anonymous_61)","line":538,"loc":{"start":{"line":538,"column":29},"end":{"line":538,"column":41}}},"62":{"name":"getEntitiesAsync","line":554,"loc":{"start":{"line":554,"column":15},"end":{"line":554,"column":49}}},"63":{"name":"(anonymous_63)","line":587,"loc":{"start":{"line":587,"column":85},"end":{"line":587,"column":105}}},"64":{"name":"(anonymous_64)","line":588,"loc":{"start":{"line":588,"column":57},"end":{"line":588,"column":75}}},"65":{"name":"(anonymous_65)","line":592,"loc":{"start":{"line":592,"column":63},"end":{"line":592,"column":75}}},"66":{"name":"(anonymous_66)","line":595,"loc":{"start":{"line":595,"column":21},"end":{"line":595,"column":38}}},"67":{"name":"getEntityByIdAsync","line":609,"loc":{"start":{"line":609,"column":15},"end":{"line":609,"column":53}}},"68":{"name":"(anonymous_68)","line":616,"loc":{"start":{"line":616,"column":20},"end":{"line":616,"column":38}}},"69":{"name":"(anonymous_69)","line":617,"loc":{"start":{"line":617,"column":102},"end":{"line":617,"column":114}}},"70":{"name":"(anonymous_70)","line":620,"loc":{"start":{"line":620,"column":21},"end":{"line":620,"column":38}}},"71":{"name":"getEntityCountAsync","line":632,"loc":{"start":{"line":632,"column":15},"end":{"line":632,"column":46}}},"72":{"name":"getService","line":646,"loc":{"start":{"line":646,"column":15},"end":{"line":646,"column":41}}},"73":{"name":"getSystems","line":659,"loc":{"start":{"line":659,"column":15},"end":{"line":659,"column":37}}},"74":{"name":"logError","line":673,"loc":{"start":{"line":673,"column":15},"end":{"line":673,"column":40}}},"75":{"name":"logMessage","line":687,"loc":{"start":{"line":687,"column":15},"end":{"line":687,"column":44}}},"76":{"name":"logWarning","line":701,"loc":{"start":{"line":701,"column":15},"end":{"line":701,"column":44}}},"77":{"name":"removeEntityAsync","line":715,"loc":{"start":{"line":715,"column":15},"end":{"line":715,"column":50}}},"78":{"name":"(anonymous_78)","line":720,"loc":{"start":{"line":720,"column":84},"end":{"line":720,"column":96}}},"79":{"name":"(anonymous_79)","line":722,"loc":{"start":{"line":722,"column":20},"end":{"line":722,"column":32}}},"80":{"name":"(anonymous_80)","line":724,"loc":{"start":{"line":724,"column":21},"end":{"line":724,"column":38}}},"81":{"name":"removeServiceAsync","line":739,"loc":{"start":{"line":739,"column":15},"end":{"line":739,"column":49}}},"82":{"name":"startAsync","line":758,"loc":{"start":{"line":758,"column":15},"end":{"line":758,"column":37}}},"83":{"name":"stopAsync","line":770,"loc":{"start":{"line":770,"column":15},"end":{"line":770,"column":36}}},"84":{"name":"(anonymous_84)","line":773,"loc":{"start":{"line":773,"column":85},"end":{"line":773,"column":97}}},"85":{"name":"updateEntityAsync","line":790,"loc":{"start":{"line":790,"column":15},"end":{"line":790,"column":50}}},"86":{"name":"(anonymous_86)","line":803,"loc":{"start":{"line":803,"column":20},"end":{"line":803,"column":41}}},"87":{"name":"(anonymous_87)","line":804,"loc":{"start":{"line":804,"column":129},"end":{"line":804,"column":141}}},"88":{"name":"(anonymous_88)","line":806,"loc":{"start":{"line":806,"column":24},"end":{"line":806,"column":36}}},"89":{"name":"(anonymous_89)","line":809,"loc":{"start":{"line":809,"column":20},"end":{"line":809,"column":41}}},"90":{"name":"(anonymous_90)","line":823,"loc":{"start":{"line":823,"column":101},"end":{"line":823,"column":122}}},"91":{"name":"(anonymous_91)","line":825,"loc":{"start":{"line":825,"column":24},"end":{"line":825,"column":36}}},"92":{"name":"(anonymous_92)","line":828,"loc":{"start":{"line":828,"column":21},"end":{"line":828,"column":38}}},"93":{"name":"validateEntityToBeAddedAsync","line":840,"loc":{"start":{"line":840,"column":15},"end":{"line":840,"column":61}}},"94":{"name":"validateEntityToBeUpdatedAsync","line":850,"loc":{"start":{"line":850,"column":15},"end":{"line":850,"column":63}}},"95":{"name":"validateSystem","line":861,"loc":{"start":{"line":861,"column":15},"end":{"line":861,"column":47}}}},"statementMap":{"1":{"start":{"line":3,"column":0},"end":{"line":5,"column":3}},"2":{"start":{"line":7,"column":0},"end":{"line":7,"column":564}},"3":{"start":{"line":7,"column":33},"end":{"line":7,"column":349}},"4":{"start":{"line":7,"column":76},"end":{"line":7,"column":347}},"5":{"start":{"line":7,"column":117},"end":{"line":7,"column":143}},"6":{"start":{"line":7,"column":144},"end":{"line":7,"column":199}},"7":{"start":{"line":7,"column":200},"end":{"line":7,"column":231}},"8":{"start":{"line":7,"column":232},"end":{"line":7,"column":286}},"9":{"start":{"line":7,"column":259},"end":{"line":7,"column":286}},"10":{"start":{"line":7,"column":287},"end":{"line":7,"column":345}},"11":{"start":{"line":7,"column":350},"end":{"line":7,"column":559}},"12":{"start":{"line":7,"column":407},"end":{"line":7,"column":475}},"13":{"start":{"line":7,"column":423},"end":{"line":7,"column":475}},"14":{"start":{"line":7,"column":476},"end":{"line":7,"column":536}},"15":{"start":{"line":7,"column":493},"end":{"line":7,"column":536}},"16":{"start":{"line":7,"column":537},"end":{"line":7,"column":556}},"17":{"start":{"line":9,"column":0},"end":{"line":9,"column":24}},"18":{"start":{"line":11,"column":0},"end":{"line":11,"column":38}},"19":{"start":{"line":13,"column":0},"end":{"line":13,"column":37}},"20":{"start":{"line":15,"column":0},"end":{"line":15,"column":46}},"21":{"start":{"line":17,"column":0},"end":{"line":17,"column":269}},"22":{"start":{"line":17,"column":40},"end":{"line":17,"column":267}},"23":{"start":{"line":17,"column":69},"end":{"line":17,"column":80}},"24":{"start":{"line":17,"column":90},"end":{"line":17,"column":106}},"25":{"start":{"line":17,"column":107},"end":{"line":17,"column":228}},"26":{"start":{"line":17,"column":126},"end":{"line":17,"column":226}},"27":{"start":{"line":17,"column":149},"end":{"line":17,"column":224}},"28":{"start":{"line":17,"column":201},"end":{"line":17,"column":224}},"29":{"start":{"line":17,"column":229},"end":{"line":17,"column":250}},"30":{"start":{"line":17,"column":251},"end":{"line":17,"column":265}},"31":{"start":{"line":19,"column":0},"end":{"line":19,"column":153}},"32":{"start":{"line":19,"column":50},"end":{"line":19,"column":151}},"33":{"start":{"line":19,"column":92},"end":{"line":19,"column":149}},"34":{"start":{"line":21,"column":0},"end":{"line":21,"column":44}},"35":{"start":{"line":23,"column":0},"end":{"line":23,"column":37}},"36":{"start":{"line":24,"column":0},"end":{"line":24,"column":42}},"37":{"start":{"line":25,"column":0},"end":{"line":25,"column":22}},"38":{"start":{"line":43,"column":0},"end":{"line":871,"column":4}},"39":{"start":{"line":50,"column":4},"end":{"line":62,"column":5}},"40":{"start":{"line":51,"column":8},"end":{"line":51,"column":60}},"41":{"start":{"line":53,"column":8},"end":{"line":55,"column":9}},"42":{"start":{"line":54,"column":12},"end":{"line":54,"column":85}},"43":{"start":{"line":57,"column":8},"end":{"line":57,"column":31}},"44":{"start":{"line":58,"column":8},"end":{"line":58,"column":46}},"45":{"start":{"line":59,"column":8},"end":{"line":59,"column":26}},"46":{"start":{"line":60,"column":8},"end":{"line":60,"column":27}},"47":{"start":{"line":61,"column":8},"end":{"line":61,"column":37}},"48":{"start":{"line":72,"column":4},"end":{"line":868,"column":8}},"49":{"start":{"line":75,"column":12},"end":{"line":75,"column":43}},"50":{"start":{"line":76,"column":12},"end":{"line":76,"column":42}},"51":{"start":{"line":77,"column":12},"end":{"line":84,"column":15}},"52":{"start":{"line":78,"column":16},"end":{"line":78,"column":53}},"53":{"start":{"line":80,"column":16},"end":{"line":80,"column":50}},"54":{"start":{"line":82,"column":16},"end":{"line":82,"column":45}},"55":{"start":{"line":83,"column":16},"end":{"line":83,"column":28}},"56":{"start":{"line":94,"column":12},"end":{"line":96,"column":13}},"57":{"start":{"line":95,"column":16},"end":{"line":95,"column":103}},"58":{"start":{"line":107,"column":12},"end":{"line":107,"column":29}},"59":{"start":{"line":109,"column":12},"end":{"line":115,"column":15}},"60":{"start":{"line":110,"column":16},"end":{"line":114,"column":17}},"61":{"start":{"line":111,"column":20},"end":{"line":111,"column":53}},"62":{"start":{"line":113,"column":20},"end":{"line":113,"column":66}},"63":{"start":{"line":126,"column":12},"end":{"line":130,"column":15}},"64":{"start":{"line":127,"column":16},"end":{"line":127,"column":53}},"65":{"start":{"line":129,"column":16},"end":{"line":129,"column":50}},"66":{"start":{"line":141,"column":12},"end":{"line":145,"column":15}},"67":{"start":{"line":142,"column":16},"end":{"line":142,"column":53}},"68":{"start":{"line":144,"column":16},"end":{"line":144,"column":98}},"69":{"start":{"line":156,"column":12},"end":{"line":160,"column":15}},"70":{"start":{"line":157,"column":16},"end":{"line":157,"column":53}},"71":{"start":{"line":159,"column":16},"end":{"line":159,"column":42}},"72":{"start":{"line":172,"column":12},"end":{"line":172,"column":51}},"73":{"start":{"line":183,"column":12},"end":{"line":183,"column":30}},"74":{"start":{"line":185,"column":12},"end":{"line":185,"column":46}},"75":{"start":{"line":187,"column":12},"end":{"line":189,"column":14}},"76":{"start":{"line":191,"column":12},"end":{"line":212,"column":15}},"77":{"start":{"line":192,"column":16},"end":{"line":201,"column":17}},"78":{"start":{"line":193,"column":20},"end":{"line":196,"column":22}},"79":{"start":{"line":198,"column":20},"end":{"line":198,"column":99}},"80":{"start":{"line":200,"column":20},"end":{"line":200,"column":38}},"81":{"start":{"line":203,"column":16},"end":{"line":208,"column":17}},"82":{"start":{"line":204,"column":20},"end":{"line":207,"column":23}},"83":{"start":{"line":205,"column":24},"end":{"line":205,"column":56}},"84":{"start":{"line":206,"column":24},"end":{"line":206,"column":103}},"85":{"start":{"line":210,"column":16},"end":{"line":210,"column":60}},"86":{"start":{"line":211,"column":16},"end":{"line":211,"column":28}},"87":{"start":{"line":223,"column":12},"end":{"line":223,"column":28}},"88":{"start":{"line":225,"column":12},"end":{"line":232,"column":13}},"89":{"start":{"line":226,"column":16},"end":{"line":226,"column":63}},"90":{"start":{"line":227,"column":16},"end":{"line":229,"column":17}},"91":{"start":{"line":228,"column":20},"end":{"line":228,"column":63}},"92":{"start":{"line":231,"column":16},"end":{"line":231,"column":46}},"93":{"start":{"line":234,"column":12},"end":{"line":234,"column":31}},"94":{"start":{"line":246,"column":12},"end":{"line":246,"column":30}},"95":{"start":{"line":248,"column":12},"end":{"line":259,"column":32}},"96":{"start":{"line":250,"column":16},"end":{"line":258,"column":19}},"97":{"start":{"line":252,"column":20},"end":{"line":257,"column":21}},"98":{"start":{"line":253,"column":24},"end":{"line":253,"column":83}},"99":{"start":{"line":255,"column":24},"end":{"line":255,"column":47}},"100":{"start":{"line":256,"column":24},"end":{"line":256,"column":36}},"101":{"start":{"line":275,"column":12},"end":{"line":275,"column":30}},"102":{"start":{"line":277,"column":12},"end":{"line":290,"column":32}},"103":{"start":{"line":279,"column":16},"end":{"line":289,"column":19}},"104":{"start":{"line":281,"column":20},"end":{"line":286,"column":21}},"105":{"start":{"line":282,"column":24},"end":{"line":282,"column":83}},"106":{"start":{"line":284,"column":24},"end":{"line":284,"column":47}},"107":{"start":{"line":285,"column":24},"end":{"line":285,"column":36}},"108":{"start":{"line":288,"column":20},"end":{"line":288,"column":43}},"109":{"start":{"line":302,"column":12},"end":{"line":302,"column":30}},"110":{"start":{"line":304,"column":12},"end":{"line":310,"column":15}},"111":{"start":{"line":305,"column":16},"end":{"line":305,"column":53}},"112":{"start":{"line":307,"column":16},"end":{"line":309,"column":19}},"113":{"start":{"line":322,"column":12},"end":{"line":322,"column":30}},"114":{"start":{"line":324,"column":12},"end":{"line":324,"column":43}},"115":{"start":{"line":325,"column":12},"end":{"line":331,"column":15}},"116":{"start":{"line":326,"column":16},"end":{"line":326,"column":53}},"117":{"start":{"line":328,"column":16},"end":{"line":330,"column":31}},"118":{"start":{"line":349,"column":12},"end":{"line":349,"column":30}},"119":{"start":{"line":351,"column":12},"end":{"line":351,"column":36}},"120":{"start":{"line":353,"column":12},"end":{"line":357,"column":14}},"121":{"start":{"line":359,"column":12},"end":{"line":359,"column":57}},"122":{"start":{"line":361,"column":12},"end":{"line":372,"column":15}},"123":{"start":{"line":362,"column":16},"end":{"line":362,"column":63}},"124":{"start":{"line":364,"column":16},"end":{"line":364,"column":88}},"125":{"start":{"line":366,"column":16},"end":{"line":368,"column":19}},"126":{"start":{"line":367,"column":20},"end":{"line":367,"column":34}},"127":{"start":{"line":370,"column":16},"end":{"line":370,"column":39}},"128":{"start":{"line":371,"column":16},"end":{"line":371,"column":28}},"129":{"start":{"line":386,"column":12},"end":{"line":386,"column":36}},"130":{"start":{"line":388,"column":12},"end":{"line":388,"column":42}},"131":{"start":{"line":389,"column":12},"end":{"line":389,"column":35}},"132":{"start":{"line":431,"column":12},"end":{"line":431,"column":30}},"133":{"start":{"line":433,"column":12},"end":{"line":433,"column":36}},"134":{"start":{"line":435,"column":12},"end":{"line":455,"column":13}},"135":{"start":{"line":436,"column":16},"end":{"line":436,"column":129}},"136":{"start":{"line":438,"column":16},"end":{"line":438,"column":42}},"137":{"start":{"line":439,"column":16},"end":{"line":454,"column":19}},"138":{"start":{"line":440,"column":20},"end":{"line":443,"column":23}},"139":{"start":{"line":445,"column":20},"end":{"line":445,"column":89}},"140":{"start":{"line":447,"column":20},"end":{"line":450,"column":23}},"141":{"start":{"line":452,"column":20},"end":{"line":452,"column":43}},"142":{"start":{"line":453,"column":20},"end":{"line":453,"column":32}},"143":{"start":{"line":466,"column":12},"end":{"line":466,"column":36}},"144":{"start":{"line":468,"column":12},"end":{"line":468,"column":87}},"145":{"start":{"line":481,"column":12},"end":{"line":481,"column":30}},"146":{"start":{"line":483,"column":12},"end":{"line":483,"column":36}},"147":{"start":{"line":485,"column":12},"end":{"line":485,"column":44}},"148":{"start":{"line":486,"column":12},"end":{"line":486,"column":53}},"149":{"start":{"line":488,"column":12},"end":{"line":506,"column":13}},"150":{"start":{"line":489,"column":16},"end":{"line":489,"column":92}},"151":{"start":{"line":492,"column":16},"end":{"line":492,"column":46}},"152":{"start":{"line":494,"column":16},"end":{"line":505,"column":17}},"153":{"start":{"line":495,"column":20},"end":{"line":502,"column":23}},"154":{"start":{"line":496,"column":24},"end":{"line":499,"column":27}},"155":{"start":{"line":501,"column":24},"end":{"line":501,"column":47}},"156":{"start":{"line":504,"column":20},"end":{"line":504,"column":43}},"157":{"start":{"line":519,"column":12},"end":{"line":519,"column":31}},"158":{"start":{"line":521,"column":12},"end":{"line":521,"column":36}},"159":{"start":{"line":523,"column":12},"end":{"line":523,"column":32}},"160":{"start":{"line":524,"column":12},"end":{"line":524,"column":53}},"161":{"start":{"line":526,"column":12},"end":{"line":544,"column":13}},"162":{"start":{"line":527,"column":16},"end":{"line":527,"column":89}},"163":{"start":{"line":530,"column":16},"end":{"line":530,"column":46}},"164":{"start":{"line":532,"column":16},"end":{"line":543,"column":17}},"165":{"start":{"line":533,"column":20},"end":{"line":540,"column":23}},"166":{"start":{"line":534,"column":24},"end":{"line":537,"column":27}},"167":{"start":{"line":539,"column":24},"end":{"line":539,"column":47}},"168":{"start":{"line":542,"column":20},"end":{"line":542,"column":43}},"169":{"start":{"line":555,"column":12},"end":{"line":555,"column":31}},"170":{"start":{"line":557,"column":12},"end":{"line":557,"column":36}},"171":{"start":{"line":559,"column":12},"end":{"line":559,"column":77}},"172":{"start":{"line":560,"column":12},"end":{"line":560,"column":71}},"173":{"start":{"line":561,"column":12},"end":{"line":561,"column":59}},"174":{"start":{"line":562,"column":12},"end":{"line":562,"column":57}},"175":{"start":{"line":564,"column":12},"end":{"line":564,"column":36}},"176":{"start":{"line":565,"column":12},"end":{"line":565,"column":28}},"177":{"start":{"line":567,"column":12},"end":{"line":571,"column":13}},"178":{"start":{"line":568,"column":16},"end":{"line":570,"column":18}},"179":{"start":{"line":573,"column":12},"end":{"line":578,"column":13}},"180":{"start":{"line":574,"column":16},"end":{"line":576,"column":18}},"181":{"start":{"line":577,"column":16},"end":{"line":577,"column":46}},"182":{"start":{"line":580,"column":12},"end":{"line":585,"column":13}},"183":{"start":{"line":581,"column":16},"end":{"line":583,"column":18}},"184":{"start":{"line":584,"column":16},"end":{"line":584,"column":47}},"185":{"start":{"line":587,"column":12},"end":{"line":598,"column":15}},"186":{"start":{"line":588,"column":16},"end":{"line":590,"column":19}},"187":{"start":{"line":589,"column":20},"end":{"line":589,"column":101}},"188":{"start":{"line":592,"column":16},"end":{"line":594,"column":19}},"189":{"start":{"line":593,"column":20},"end":{"line":593,"column":36}},"190":{"start":{"line":596,"column":16},"end":{"line":596,"column":40}},"191":{"start":{"line":597,"column":16},"end":{"line":597,"column":28}},"192":{"start":{"line":610,"column":12},"end":{"line":610,"column":31}},"193":{"start":{"line":612,"column":12},"end":{"line":612,"column":36}},"194":{"start":{"line":614,"column":12},"end":{"line":623,"column":15}},"195":{"start":{"line":617,"column":16},"end":{"line":619,"column":19}},"196":{"start":{"line":618,"column":20},"end":{"line":618,"column":34}},"197":{"start":{"line":621,"column":16},"end":{"line":621,"column":40}},"198":{"start":{"line":622,"column":16},"end":{"line":622,"column":28}},"199":{"start":{"line":633,"column":12},"end":{"line":633,"column":36}},"200":{"start":{"line":635,"column":12},"end":{"line":635,"column":60}},"201":{"start":{"line":647,"column":12},"end":{"line":647,"column":36}},"202":{"start":{"line":649,"column":12},"end":{"line":649,"column":47}},"203":{"start":{"line":660,"column":12},"end":{"line":660,"column":36}},"204":{"start":{"line":662,"column":12},"end":{"line":662,"column":32}},"205":{"start":{"line":674,"column":12},"end":{"line":674,"column":36}},"206":{"start":{"line":676,"column":12},"end":{"line":676,"column":58}},"207":{"start":{"line":688,"column":12},"end":{"line":688,"column":36}},"208":{"start":{"line":690,"column":12},"end":{"line":690,"column":62}},"209":{"start":{"line":702,"column":12},"end":{"line":702,"column":36}},"210":{"start":{"line":704,"column":12},"end":{"line":704,"column":62}},"211":{"start":{"line":716,"column":12},"end":{"line":716,"column":31}},"212":{"start":{"line":718,"column":12},"end":{"line":718,"column":36}},"213":{"start":{"line":720,"column":12},"end":{"line":727,"column":15}},"214":{"start":{"line":721,"column":16},"end":{"line":721,"column":110}},"215":{"start":{"line":723,"column":16},"end":{"line":723,"column":30}},"216":{"start":{"line":725,"column":16},"end":{"line":725,"column":40}},"217":{"start":{"line":726,"column":16},"end":{"line":726,"column":28}},"218":{"start":{"line":740,"column":12},"end":{"line":740,"column":36}},"219":{"start":{"line":742,"column":12},"end":{"line":749,"column":13}},"220":{"start":{"line":743,"column":16},"end":{"line":743,"column":43}},"221":{"start":{"line":744,"column":16},"end":{"line":744,"column":91}},"222":{"start":{"line":746,"column":16},"end":{"line":746,"column":74}},"223":{"start":{"line":747,"column":16},"end":{"line":747,"column":37}},"224":{"start":{"line":748,"column":16},"end":{"line":748,"column":45}},"225":{"start":{"line":759,"column":12},"end":{"line":759,"column":45}},"226":{"start":{"line":771,"column":12},"end":{"line":771,"column":31}},"227":{"start":{"line":773,"column":12},"end":{"line":775,"column":15}},"228":{"start":{"line":774,"column":16},"end":{"line":774,"column":51}},"229":{"start":{"line":791,"column":12},"end":{"line":791,"column":31}},"230":{"start":{"line":793,"column":12},"end":{"line":797,"column":14}},"231":{"start":{"line":799,"column":12},"end":{"line":799,"column":61}},"232":{"start":{"line":801,"column":12},"end":{"line":831,"column":15}},"233":{"start":{"line":804,"column":16},"end":{"line":808,"column":19}},"234":{"start":{"line":805,"column":20},"end":{"line":805,"column":81}},"235":{"start":{"line":807,"column":20},"end":{"line":807,"column":37}},"236":{"start":{"line":811,"column":16},"end":{"line":817,"column":17}},"237":{"start":{"line":812,"column":20},"end":{"line":812,"column":65}},"238":{"start":{"line":813,"column":20},"end":{"line":813,"column":45}},"239":{"start":{"line":814,"column":20},"end":{"line":814,"column":54}},"240":{"start":{"line":816,"column":20},"end":{"line":816,"column":32}},"241":{"start":{"line":819,"column":16},"end":{"line":819,"column":50}},"242":{"start":{"line":820,"column":16},"end":{"line":820,"column":60}},"243":{"start":{"line":821,"column":16},"end":{"line":821,"column":66}},"244":{"start":{"line":823,"column":16},"end":{"line":827,"column":19}},"245":{"start":{"line":824,"column":20},"end":{"line":824,"column":132}},"246":{"start":{"line":826,"column":20},"end":{"line":826,"column":41}},"247":{"start":{"line":829,"column":16},"end":{"line":829,"column":40}},"248":{"start":{"line":830,"column":16},"end":{"line":830,"column":28}},"249":{"start":{"line":841,"column":12},"end":{"line":841,"column":86}},"250":{"start":{"line":851,"column":12},"end":{"line":851,"column":88}},"251":{"start":{"line":862,"column":12},"end":{"line":864,"column":13}},"252":{"start":{"line":863,"column":16},"end":{"line":863,"column":29}},"253":{"start":{"line":866,"column":12},"end":{"line":866,"column":24}},"254":{"start":{"line":870,"column":4},"end":{"line":870,"column":40}},"255":{"start":{"line":873,"column":0},"end":{"line":873,"column":47}}},"branchMap":{"1":{"line":7,"type":"binary-expr","locations":[{"start":{"line":7,"column":168},"end":{"line":7,"column":189}},{"start":{"line":7,"column":193},"end":{"line":7,"column":198}}]},"2":{"line":7,"type":"if","locations":[{"start":{"line":7,"column":232},"end":{"line":7,"column":232}},{"start":{"line":7,"column":232},"end":{"line":7,"column":232}}]},"3":{"line":7,"type":"if","locations":[{"start":{"line":7,"column":407},"end":{"line":7,"column":407}},{"start":{"line":7,"column":407},"end":{"line":7,"column":407}}]},"4":{"line":7,"type":"if","locations":[{"start":{"line":7,"column":476},"end":{"line":7,"column":476}},{"start":{"line":7,"column":476},"end":{"line":7,"column":476}}]},"5":{"line":17,"type":"if","locations":[{"start":{"line":17,"column":40},"end":{"line":17,"column":40}},{"start":{"line":17,"column":40},"end":{"line":17,"column":40}}]},"6":{"line":17,"type":"binary-expr","locations":[{"start":{"line":17,"column":44},"end":{"line":17,"column":47}},{"start":{"line":17,"column":51},"end":{"line":17,"column":65}}]},"7":{"line":17,"type":"if","locations":[{"start":{"line":17,"column":107},"end":{"line":17,"column":107}},{"start":{"line":17,"column":107},"end":{"line":17,"column":107}}]},"8":{"line":17,"type":"if","locations":[{"start":{"line":17,"column":149},"end":{"line":17,"column":149}},{"start":{"line":17,"column":149},"end":{"line":17,"column":149}}]},"9":{"line":19,"type":"if","locations":[{"start":{"line":19,"column":50},"end":{"line":19,"column":50}},{"start":{"line":19,"column":50},"end":{"line":19,"column":50}}]},"10":{"line":53,"type":"if","locations":[{"start":{"line":53,"column":8},"end":{"line":53,"column":8}},{"start":{"line":53,"column":8},"end":{"line":53,"column":8}}]},"11":{"line":94,"type":"if","locations":[{"start":{"line":94,"column":12},"end":{"line":94,"column":12}},{"start":{"line":94,"column":12},"end":{"line":94,"column":12}}]},"12":{"line":110,"type":"if","locations":[{"start":{"line":110,"column":16},"end":{"line":110,"column":16}},{"start":{"line":110,"column":16},"end":{"line":110,"column":16}}]},"13":{"line":192,"type":"if","locations":[{"start":{"line":192,"column":16},"end":{"line":192,"column":16}},{"start":{"line":192,"column":16},"end":{"line":192,"column":16}}]},"14":{"line":203,"type":"if","locations":[{"start":{"line":203,"column":16},"end":{"line":203,"column":16}},{"start":{"line":203,"column":16},"end":{"line":203,"column":16}}]},"15":{"line":225,"type":"if","locations":[{"start":{"line":225,"column":12},"end":{"line":225,"column":12}},{"start":{"line":225,"column":12},"end":{"line":225,"column":12}}]},"16":{"line":227,"type":"if","locations":[{"start":{"line":227,"column":16},"end":{"line":227,"column":16}},{"start":{"line":227,"column":16},"end":{"line":227,"column":16}}]},"17":{"line":354,"type":"cond-expr","locations":[{"start":{"line":354,"column":34},"end":{"line":354,"column":59}},{"start":{"line":354,"column":62},"end":{"line":354,"column":77}}]},"18":{"line":356,"type":"cond-expr","locations":[{"start":{"line":356,"column":63},"end":{"line":356,"column":80}},{"start":{"line":356,"column":83},"end":{"line":356,"column":85}}]},"19":{"line":435,"type":"if","locations":[{"start":{"line":435,"column":12},"end":{"line":435,"column":12}},{"start":{"line":435,"column":12},"end":{"line":435,"column":12}}]},"20":{"line":488,"type":"if","locations":[{"start":{"line":488,"column":12},"end":{"line":488,"column":12}},{"start":{"line":488,"column":12},"end":{"line":488,"column":12}}]},"21":{"line":526,"type":"if","locations":[{"start":{"line":526,"column":12},"end":{"line":526,"column":12}},{"start":{"line":526,"column":12},"end":{"line":526,"column":12}}]},"22":{"line":559,"type":"cond-expr","locations":[{"start":{"line":559,"column":41},"end":{"line":559,"column":69}},{"start":{"line":559,"column":72},"end":{"line":559,"column":76}}]},"23":{"line":560,"type":"cond-expr","locations":[{"start":{"line":560,"column":50},"end":{"line":560,"column":65}},{"start":{"line":560,"column":68},"end":{"line":560,"column":70}}]},"24":{"line":567,"type":"if","locations":[{"start":{"line":567,"column":12},"end":{"line":567,"column":12}},{"start":{"line":567,"column":12},"end":{"line":567,"column":12}}]},"25":{"line":573,"type":"if","locations":[{"start":{"line":573,"column":12},"end":{"line":573,"column":12}},{"start":{"line":573,"column":12},"end":{"line":573,"column":12}}]},"26":{"line":580,"type":"if","locations":[{"start":{"line":580,"column":12},"end":{"line":580,"column":12}},{"start":{"line":580,"column":12},"end":{"line":580,"column":12}}]},"27":{"line":649,"type":"binary-expr","locations":[{"start":{"line":649,"column":19},"end":{"line":649,"column":38}},{"start":{"line":649,"column":42},"end":{"line":649,"column":46}}]},"28":{"line":742,"type":"if","locations":[{"start":{"line":742,"column":12},"end":{"line":742,"column":12}},{"start":{"line":742,"column":12},"end":{"line":742,"column":12}}]},"29":{"line":794,"type":"cond-expr","locations":[{"start":{"line":794,"column":34},"end":{"line":794,"column":59}},{"start":{"line":794,"column":62},"end":{"line":794,"column":75}}]},"30":{"line":796,"type":"cond-expr","locations":[{"start":{"line":796,"column":63},"end":{"line":796,"column":80}},{"start":{"line":796,"column":83},"end":{"line":796,"column":85}}]},"31":{"line":811,"type":"if","locations":[{"start":{"line":811,"column":16},"end":{"line":811,"column":16}},{"start":{"line":811,"column":16},"end":{"line":811,"column":16}}]},"32":{"line":862,"type":"if","locations":[{"start":{"line":862,"column":12},"end":{"line":862,"column":12}},{"start":{"line":862,"column":12},"end":{"line":862,"column":12}}]},"33":{"line":862,"type":"binary-expr","locations":[{"start":{"line":862,"column":16},"end":{"line":862,"column":52}},{"start":{"line":862,"column":56},"end":{"line":862,"column":92}}]}}}}