TN:
SF:/Users/jaredbarnes/LSS/ClarityTransactionDispatcher/lib/index.js
FN:20,_interopRequireDefault
FNF:1
FNH:1
FNDA:3,_interopRequireDefault
DA:3,1
DA:6,1
DA:8,1
DA:10,1
DA:12,1
DA:14,1
DA:16,1
DA:18,1
DA:20,3
DA:22,1
DA:23,1
DA:24,1
LF:12
LH:12
BRDA:20,1,0,3
BRDA:20,1,1,0
BRDA:20,2,0,3
BRDA:20,2,1,3
BRF:4
BRH:3
end_of_record
TN:
SF:/Users/jaredbarnes/LSS/ClarityTransactionDispatcher/lib/ClarityTransactionDispatcher.js
FN:7,(anonymous_1)
FN:7,defineProperties
FN:7,(anonymous_3)
FN:21,_interopRequireDefault
FN:23,_interopRequireWildcard
FN:25,_classCallCheck
FN:48,(anonymous_7)
FN:53,ClarityTransactionDispatcher
FN:72,_addItemToCollectionAsync
FN:75,(anonymous_10)
FN:77,(anonymous_11)
FN:79,(anonymous_12)
FN:86,_clone
FN:97,_findOneAsync
FN:98,(anonymous_15)
FN:100,(anonymous_16)
FN:112,_findAsync
FN:113,(anonymous_18)
FN:115,(anonymous_19)
FN:127,_getCountAsync
FN:128,(anonymous_21)
FN:130,(anonymous_22)
FN:143,_getDatabaseAsync
FN:154,_initializingSystemAsync
FN:161,(anonymous_25)
FN:171,(anonymous_26)
FN:173,(anonymous_27)
FN:178,(anonymous_28)
FN:191,_invokeMethodAsync
FN:212,_notifySystemsAsync
FN:215,(anonymous_31)
FN:216,(anonymous_32)
FN:241,_notifySystemsWithRecoveryAsync
FN:244,(anonymous_34)
FN:245,(anonymous_35)
FN:252,(anonymous_36)
FN:265,_removeItemfromCollection
FN:268,(anonymous_38)
FN:270,(anonymous_39)
FN:285,_updateItemInCollectionAsync
FN:289,(anonymous_41)
FN:291,(anonymous_42)
FN:311,addEntityAsync
FN:319,(anonymous_44)
FN:327,(anonymous_45)
FN:329,(anonymous_46)
FN:331,(anonymous_47)
FN:332,(anonymous_48)
FN:335,(anonymous_49)
FN:351,addServiceAsync
FN:393,addSystemAsync
FN:400,(anonymous_52)
FN:406,(anonymous_53)
FN:411,(anonymous_54)
FN:425,approveEntityToBeRemovedAsync
FN:438,deactivateSystemAsync
FN:448,(anonymous_57)
FN:453,(anonymous_58)
FN:471,disposeSystemAsync
FN:481,(anonymous_60)
FN:486,(anonymous_61)
FN:501,getQuery
FN:516,getEntitiesAsync
FN:544,(anonymous_64)
FN:545,(anonymous_65)
FN:548,(anonymous_66)
FN:551,(anonymous_67)
FN:565,getEntityByIdAsync
FN:570,(anonymous_69)
FN:571,(anonymous_70)
FN:574,(anonymous_71)
FN:586,getEntityCountAsync
FN:597,getService
FN:607,getSystems
FN:618,logErrorAsync
FN:629,logMessageAsync
FN:640,logWarningAsync
FN:651,removeEntityAsync
FN:654,(anonymous_79)
FN:656,(anonymous_80)
FN:658,(anonymous_81)
FN:660,(anonymous_82)
FN:674,removeServiceAsync
FN:686,startAsync
FN:691,stopAsync
FN:694,(anonymous_86)
FN:711,updateEntityAsync
FN:720,(anonymous_88)
FN:730,(anonymous_89)
FN:736,(anonymous_90)
FN:738,(anonymous_91)
FN:740,(anonymous_92)
FN:742,(anonymous_93)
FN:744,(anonymous_94)
FN:756,validateEntityToBeAddedAsync
FN:766,validateEntityToBeUpdatedAsync
FN:777,validateSystem
FNF:97
FNH:8
FNDA:1,(anonymous_1)
FNDA:1,defineProperties
FNDA:1,(anonymous_3)
FNDA:1,_interopRequireDefault
FNDA:2,_interopRequireWildcard
FNDA:1,_classCallCheck
FNDA:1,(anonymous_7)
FNDA:1,ClarityTransactionDispatcher
FNDA:0,_addItemToCollectionAsync
FNDA:0,(anonymous_10)
FNDA:0,(anonymous_11)
FNDA:0,(anonymous_12)
FNDA:0,_clone
FNDA:0,_findOneAsync
FNDA:0,(anonymous_15)
FNDA:0,(anonymous_16)
FNDA:0,_findAsync
FNDA:0,(anonymous_18)
FNDA:0,(anonymous_19)
FNDA:0,_getCountAsync
FNDA:0,(anonymous_21)
FNDA:0,(anonymous_22)
FNDA:0,_getDatabaseAsync
FNDA:0,_initializingSystemAsync
FNDA:0,(anonymous_25)
FNDA:0,(anonymous_26)
FNDA:0,(anonymous_27)
FNDA:0,(anonymous_28)
FNDA:0,_invokeMethodAsync
FNDA:0,_notifySystemsAsync
FNDA:0,(anonymous_31)
FNDA:0,(anonymous_32)
FNDA:0,_notifySystemsWithRecoveryAsync
FNDA:0,(anonymous_34)
FNDA:0,(anonymous_35)
FNDA:0,(anonymous_36)
FNDA:0,_removeItemfromCollection
FNDA:0,(anonymous_38)
FNDA:0,(anonymous_39)
FNDA:0,_updateItemInCollectionAsync
FNDA:0,(anonymous_41)
FNDA:0,(anonymous_42)
FNDA:0,addEntityAsync
FNDA:0,(anonymous_44)
FNDA:0,(anonymous_45)
FNDA:0,(anonymous_46)
FNDA:0,(anonymous_47)
FNDA:0,(anonymous_48)
FNDA:0,(anonymous_49)
FNDA:0,addServiceAsync
FNDA:0,addSystemAsync
FNDA:0,(anonymous_52)
FNDA:0,(anonymous_53)
FNDA:0,(anonymous_54)
FNDA:0,approveEntityToBeRemovedAsync
FNDA:0,deactivateSystemAsync
FNDA:0,(anonymous_57)
FNDA:0,(anonymous_58)
FNDA:0,disposeSystemAsync
FNDA:0,(anonymous_60)
FNDA:0,(anonymous_61)
FNDA:0,getQuery
FNDA:0,getEntitiesAsync
FNDA:0,(anonymous_64)
FNDA:0,(anonymous_65)
FNDA:0,(anonymous_66)
FNDA:0,(anonymous_67)
FNDA:0,getEntityByIdAsync
FNDA:0,(anonymous_69)
FNDA:0,(anonymous_70)
FNDA:0,(anonymous_71)
FNDA:0,getEntityCountAsync
FNDA:0,getService
FNDA:0,getSystems
FNDA:0,logErrorAsync
FNDA:0,logMessageAsync
FNDA:0,logWarningAsync
FNDA:0,removeEntityAsync
FNDA:0,(anonymous_79)
FNDA:0,(anonymous_80)
FNDA:0,(anonymous_81)
FNDA:0,(anonymous_82)
FNDA:0,removeServiceAsync
FNDA:0,startAsync
FNDA:0,stopAsync
FNDA:0,(anonymous_86)
FNDA:0,updateEntityAsync
FNDA:0,(anonymous_88)
FNDA:0,(anonymous_89)
FNDA:0,(anonymous_90)
FNDA:0,(anonymous_91)
FNDA:0,(anonymous_92)
FNDA:0,(anonymous_93)
FNDA:0,(anonymous_94)
FNDA:0,validateEntityToBeAddedAsync
FNDA:0,validateEntityToBeUpdatedAsync
FNDA:0,validateSystem
DA:3,1
DA:7,35
DA:9,1
DA:11,1
DA:13,1
DA:15,1
DA:17,1
DA:19,1
DA:21,1
DA:23,93
DA:25,1
DA:27,1
DA:28,1
DA:29,1
DA:30,1
DA:31,1
DA:48,1
DA:53,1
DA:54,1
DA:56,1
DA:57,1
DA:58,0
DA:59,0
DA:70,1
DA:73,0
DA:74,0
DA:75,0
DA:76,0
DA:78,0
DA:80,0
DA:81,0
DA:87,0
DA:98,0
DA:99,0
DA:101,0
DA:113,0
DA:114,0
DA:116,0
DA:128,0
DA:129,0
DA:131,0
DA:144,0
DA:155,0
DA:157,0
DA:158,0
DA:161,0
DA:162,0
DA:163,0
DA:167,0
DA:169,0
DA:172,0
DA:173,0
DA:174,0
DA:175,0
DA:179,0
DA:180,0
DA:192,0
DA:193,0
DA:194,0
DA:195,0
DA:196,0
DA:199,0
DA:201,0
DA:213,0
DA:215,0
DA:216,0
DA:217,0
DA:218,0
DA:220,0
DA:221,0
DA:223,0
DA:242,0
DA:244,0
DA:245,0
DA:246,0
DA:247,0
DA:249,0
DA:250,0
DA:253,0
DA:266,0
DA:268,0
DA:269,0
DA:271,0
DA:286,0
DA:288,0
DA:289,0
DA:290,0
DA:292,0
DA:312,0
DA:314,0
DA:319,0
DA:320,0
DA:321,0
DA:323,0
DA:327,0
DA:328,0
DA:330,0
DA:332,0
DA:333,0
DA:336,0
DA:337,0
DA:352,0
DA:353,0
DA:394,0
DA:396,0
DA:397,0
DA:399,0
DA:400,0
DA:401,0
DA:405,0
DA:407,0
DA:412,0
DA:413,0
DA:426,0
DA:439,0
DA:441,0
DA:442,0
DA:443,0
DA:444,0
DA:446,0
DA:447,0
DA:448,0
DA:449,0
DA:454,0
DA:457,0
DA:472,0
DA:474,0
DA:475,0
DA:476,0
DA:477,0
DA:479,0
DA:480,0
DA:481,0
DA:482,0
DA:487,0
DA:490,0
DA:502,0
DA:517,0
DA:519,0
DA:521,0
DA:522,0
DA:523,0
DA:524,0
DA:525,0
DA:526,0
DA:527,0
DA:528,0
DA:532,0
DA:533,0
DA:536,0
DA:538,0
DA:539,0
DA:542,0
DA:544,0
DA:545,0
DA:546,0
DA:548,0
DA:549,0
DA:552,0
DA:553,0
DA:566,0
DA:568,0
DA:571,0
DA:572,0
DA:575,0
DA:576,0
DA:587,0
DA:598,0
DA:608,0
DA:619,0
DA:630,0
DA:641,0
DA:652,0
DA:654,0
DA:655,0
DA:657,0
DA:659,0
DA:661,0
DA:662,0
DA:675,0
DA:676,0
DA:677,0
DA:679,0
DA:680,0
DA:681,0
DA:687,0
DA:692,0
DA:694,0
DA:695,0
DA:712,0
DA:714,0
DA:715,0
DA:720,0
DA:721,0
DA:722,0
DA:724,0
DA:728,0
DA:731,0
DA:732,0
DA:733,0
DA:735,0
DA:737,0
DA:739,0
DA:741,0
DA:743,0
DA:745,0
DA:746,0
DA:757,0
DA:767,0
DA:778,0
DA:779,0
DA:781,0
DA:785,1
DA:788,1
LF:214
LH:24
BRDA:7,1,0,35
BRDA:7,1,1,35
BRDA:7,2,0,35
BRDA:7,2,1,0
BRDA:7,3,0,1
BRDA:7,3,1,0
BRDA:7,4,0,0
BRDA:7,4,1,1
BRDA:21,5,0,1
BRDA:21,5,1,0
BRDA:21,6,0,1
BRDA:21,6,1,1
BRDA:23,7,0,0
BRDA:23,7,1,2
BRDA:23,8,0,2
BRDA:23,8,1,2
BRDA:23,9,0,2
BRDA:23,9,1,0
BRDA:23,10,0,93
BRDA:23,10,1,0
BRDA:25,11,0,0
BRDA:25,11,1,1
BRDA:162,12,0,0
BRDA:162,12,1,0
BRDA:172,13,0,0
BRDA:172,13,1,0
BRDA:193,14,0,0
BRDA:193,14,1,0
BRDA:195,15,0,0
BRDA:195,15,1,0
BRDA:220,16,0,0
BRDA:220,16,1,0
BRDA:315,17,0,0
BRDA:315,17,1,0
BRDA:316,18,0,0
BRDA:316,18,1,0
BRDA:320,19,0,0
BRDA:320,19,1,0
BRDA:396,20,0,0
BRDA:396,20,1,0
BRDA:443,21,0,0
BRDA:443,21,1,0
BRDA:476,22,0,0
BRDA:476,22,1,0
BRDA:519,23,0,0
BRDA:519,23,1,0
BRDA:519,24,0,0
BRDA:519,24,1,0
BRDA:521,25,0,0
BRDA:521,25,1,0
BRDA:522,26,0,0
BRDA:522,26,1,0
BRDA:527,27,0,0
BRDA:527,27,1,0
BRDA:532,28,0,0
BRDA:532,28,1,0
BRDA:538,29,0,0
BRDA:538,29,1,0
BRDA:598,30,0,0
BRDA:598,30,1,0
BRDA:675,31,0,0
BRDA:675,31,1,0
BRDA:716,32,0,0
BRDA:716,32,1,0
BRDA:717,33,0,0
BRDA:717,33,1,0
BRDA:721,34,0,0
BRDA:721,34,1,0
BRDA:778,35,0,0
BRDA:778,35,1,0
BRDA:778,36,0,0
BRDA:778,36,1,0
BRF:72
BRH:14
end_of_record
TN:
SF:/Users/jaredbarnes/LSS/ClarityTransactionDispatcher/lib/Query.js
FN:7,(anonymous_1)
FN:7,defineProperties
FN:7,(anonymous_3)
FN:9,_classCallCheck
FN:11,(anonymous_5)
FN:12,Query
FN:29,_assertLock
FN:36,forEachAsync
FN:43,(anonymous_9)
FN:54,find
FN:61,sort
FN:68,limit
FN:75,nextAsync
FN:90,(anonymous_14)
FN:92,(anonymous_15)
FN:111,restart
FNF:16
FNH:4
FNDA:1,(anonymous_1)
FNDA:1,defineProperties
FNDA:1,(anonymous_3)
FNDA:0,_classCallCheck
FNDA:1,(anonymous_5)
FNDA:0,Query
FNDA:0,_assertLock
FNDA:0,forEachAsync
FNDA:0,(anonymous_9)
FNDA:0,find
FNDA:0,sort
FNDA:0,limit
FNDA:0,nextAsync
FNDA:0,(anonymous_14)
FNDA:0,(anonymous_15)
FNDA:0,restart
DA:3,1
DA:7,7
DA:9,1
DA:11,1
DA:12,1
DA:13,0
DA:15,0
DA:16,0
DA:17,0
DA:18,0
DA:19,0
DA:20,0
DA:21,0
DA:22,0
DA:23,0
DA:24,0
DA:27,1
DA:30,0
DA:31,0
DA:37,0
DA:39,0
DA:40,0
DA:43,0
DA:44,0
DA:45,0
DA:47,0
DA:48,0
DA:55,0
DA:56,0
DA:57,0
DA:62,0
DA:63,0
DA:64,0
DA:69,0
DA:70,0
DA:71,0
DA:76,0
DA:78,0
DA:80,0
DA:82,0
DA:83,0
DA:88,0
DA:90,0
DA:91,0
DA:94,0
DA:95,0
DA:96,0
DA:99,0
DA:101,0
DA:102,0
DA:104,0
DA:105,0
DA:112,0
DA:113,0
DA:114,0
DA:118,1
DA:121,1
LF:57
LH:8
BRDA:7,1,0,7
BRDA:7,1,1,7
BRDA:7,2,0,7
BRDA:7,2,1,0
BRDA:7,3,0,1
BRDA:7,3,1,0
BRDA:7,4,0,0
BRDA:7,4,1,1
BRDA:9,5,0,0
BRDA:9,5,1,0
BRDA:30,6,0,0
BRDA:30,6,1,0
BRDA:39,7,0,0
BRDA:39,7,1,0
BRDA:44,8,0,0
BRDA:44,8,1,0
BRDA:82,9,0,0
BRDA:82,9,1,0
BRDA:94,10,0,0
BRDA:94,10,1,0
BRDA:101,11,0,0
BRDA:101,11,1,0
BRF:22
BRH:5
end_of_record
TN:
SF:/Users/jaredbarnes/LSS/ClarityTransactionDispatcher/lib/services/FileSystemService.js
FN:7,(anonymous_1)
FN:7,defineProperties
FN:7,(anonymous_3)
FN:9,_classCallCheck
FN:11,(anonymous_5)
FN:12,FileSystemService
FN:24,getFileReadStreamByIdAsync
FN:27,(anonymous_8)
FN:31,(anonymous_9)
FN:37,getFileWriteStreamByIdAsync
FN:40,(anonymous_11)
FN:44,(anonymous_12)
FN:50,removeFileByIdAsync
FN:51,(anonymous_14)
FN:52,(anonymous_15)
FN:55,(anonymous_16)
FNF:16
FNH:4
FNDA:1,(anonymous_1)
FNDA:1,defineProperties
FNDA:1,(anonymous_3)
FNDA:0,_classCallCheck
FNDA:1,(anonymous_5)
FNDA:0,FileSystemService
FNDA:0,getFileReadStreamByIdAsync
FNDA:0,(anonymous_8)
FNDA:0,(anonymous_9)
FNDA:0,getFileWriteStreamByIdAsync
FNDA:0,(anonymous_11)
FNDA:0,(anonymous_12)
FNDA:0,removeFileByIdAsync
FNDA:0,(anonymous_14)
FNDA:0,(anonymous_15)
FNDA:0,(anonymous_16)
DA:3,1
DA:7,3
DA:9,1
DA:11,1
DA:12,1
DA:13,0
DA:15,0
DA:16,0
DA:19,0
DA:22,1
DA:25,0
DA:27,0
DA:28,0
DA:32,0
DA:38,0
DA:40,0
DA:41,0
DA:45,0
DA:51,0
DA:52,0
DA:53,0
DA:56,0
DA:57,0
DA:59,0
DA:67,1
DA:70,1
LF:26
LH:8
BRDA:7,1,0,3
BRDA:7,1,1,3
BRDA:7,2,0,3
BRDA:7,2,1,0
BRDA:7,3,0,1
BRDA:7,3,1,0
BRDA:7,4,0,0
BRDA:7,4,1,1
BRDA:9,5,0,0
BRDA:9,5,1,0
BRDA:15,6,0,0
BRDA:15,6,1,0
BRDA:38,7,0,0
BRDA:38,7,1,0
BRDA:56,8,0,0
BRDA:56,8,1,0
BRF:16
BRH:5
end_of_record
TN:
SF:/Users/jaredbarnes/LSS/ClarityTransactionDispatcher/lib/MongoDb.js
FN:7,(anonymous_1)
FN:7,defineProperties
FN:7,(anonymous_3)
FN:23,_interopRequireDefault
FN:25,_classCallCheck
FN:38,(anonymous_6)
FN:39,MongoProcess
FN:51,startAsync
FN:59,(anonymous_9)
FN:66,stopAsync
FN:70,(anonymous_11)
FN:90,(anonymous_12)
FN:91,MongoDb
FN:100,_getDbPath
FN:105,_getPort
FN:110,_getArgValue
FN:117,startAsync
FN:135,stopAsync
FN:151,getDatabaseAsync
FN:158,(anonymous_20)
FN:167,getGridFsAsync
FN:170,(anonymous_22)
FN:172,(anonymous_23)
FN:178,getObjectID
FN:183,get
FNF:25
FNH:14
FNDA:1,(anonymous_1)
FNDA:2,defineProperties
FNDA:2,(anonymous_3)
FNDA:3,_interopRequireDefault
FNDA:2,_classCallCheck
FNDA:1,(anonymous_6)
FNDA:1,MongoProcess
FNDA:2,startAsync
FNDA:0,(anonymous_9)
FNDA:0,stopAsync
FNDA:0,(anonymous_11)
FNDA:1,(anonymous_12)
FNDA:1,MongoDb
FNDA:0,_getDbPath
FNDA:2,_getPort
FNDA:2,_getArgValue
FNDA:2,startAsync
FNDA:0,stopAsync
FNDA:2,getDatabaseAsync
FNDA:0,(anonymous_20)
FNDA:0,getGridFsAsync
FNDA:0,(anonymous_22)
FNDA:0,(anonymous_23)
FNDA:0,getObjectID
FNDA:0,get
DA:3,1
DA:7,11
DA:9,1
DA:11,1
DA:13,1
DA:15,1
DA:17,1
DA:19,1
DA:21,1
DA:23,3
DA:25,2
DA:27,1
DA:28,1
DA:29,1
DA:30,1
DA:31,1
DA:36,1
DA:38,1
DA:39,1
DA:40,1
DA:42,1
DA:43,1
DA:44,1
DA:45,1
DA:46,1
DA:49,1
DA:52,2
DA:54,2
DA:55,1
DA:56,1
DA:59,2
DA:60,0
DA:61,0
DA:67,0
DA:69,0
DA:70,0
DA:71,0
DA:72,0
DA:73,0
DA:74,0
DA:75,0
DA:76,0
DA:77,0
DA:82,0
DA:87,1
DA:90,1
DA:91,1
DA:92,1
DA:94,1
DA:95,1
DA:98,1
DA:101,0
DA:106,2
DA:111,2
DA:112,2
DA:113,2
DA:118,2
DA:119,2
DA:120,2
DA:121,2
DA:123,2
DA:125,2
DA:126,1
DA:129,2
DA:131,2
DA:136,0
DA:137,0
DA:138,0
DA:139,0
DA:141,0
DA:143,0
DA:144,0
DA:147,0
DA:152,2
DA:154,2
DA:155,0
DA:158,2
DA:159,0
DA:160,0
DA:162,0
DA:168,0
DA:170,0
DA:171,0
DA:173,0
DA:179,0
DA:184,0
DA:188,1
DA:191,1
LF:88
LH:56
BRDA:7,1,0,11
BRDA:7,1,1,11
BRDA:7,2,0,10
BRDA:7,2,1,1
BRDA:7,3,0,2
BRDA:7,3,1,0
BRDA:7,4,0,0
BRDA:7,4,1,2
BRDA:23,5,0,0
BRDA:23,5,1,3
BRDA:23,6,0,3
BRDA:23,6,1,3
BRDA:25,7,0,0
BRDA:25,7,1,2
BRDA:30,8,0,0
BRDA:30,8,1,1
BRDA:54,9,0,1
BRDA:54,9,1,1
BRDA:69,10,0,0
BRDA:69,10,1,0
BRDA:72,11,0,0
BRDA:72,11,1,0
BRDA:112,12,0,2
BRDA:112,12,1,0
BRDA:125,13,0,1
BRDA:125,13,1,1
BRDA:143,14,0,0
BRDA:143,14,1,0
BRDA:154,15,0,0
BRDA:154,15,1,2
BRF:30
BRH:17
end_of_record
TN:
SF:/Users/jaredbarnes/LSS/ClarityTransactionDispatcher/lib/EntityUtility.js
FN:7,(anonymous_1)
FN:7,defineProperties
FN:7,(anonymous_3)
FN:9,_classCallCheck
FN:11,(anonymous_5)
FN:12,EntityUtility
FN:20,_assertHasEntity
FN:27,getComponent
FN:34,getComponents
FN:37,(anonymous_10)
FN:43,hasComponent
FN:50,hasTypeComposition
FN:55,(anonymous_13)
FNF:13
FNH:4
FNDA:1,(anonymous_1)
FNDA:1,defineProperties
FNDA:1,(anonymous_3)
FNDA:0,_classCallCheck
FNDA:1,(anonymous_5)
FNDA:0,EntityUtility
FNDA:0,_assertHasEntity
FNDA:0,getComponent
FNDA:0,getComponents
FNDA:0,(anonymous_10)
FNDA:0,hasComponent
FNDA:0,hasTypeComposition
FNDA:0,(anonymous_13)
DA:3,1
DA:7,5
DA:9,1
DA:11,1
DA:12,1
DA:13,0
DA:15,0
DA:18,1
DA:21,0
DA:22,0
DA:28,0
DA:30,0
DA:35,0
DA:37,0
DA:38,0
DA:44,0
DA:46,0
DA:51,0
DA:53,0
DA:55,0
DA:56,0
DA:61,1
DA:64,1
LF:23
LH:8
BRDA:7,1,0,5
BRDA:7,1,1,5
BRDA:7,2,0,5
BRDA:7,2,1,0
BRDA:7,3,0,1
BRDA:7,3,1,0
BRDA:7,4,0,0
BRDA:7,4,1,1
BRDA:9,5,0,0
BRDA:9,5,1,0
BRDA:15,6,0,0
BRDA:15,6,1,0
BRDA:21,7,0,0
BRDA:21,7,1,0
BRDA:30,8,0,0
BRDA:30,8,1,0
BRDA:46,9,0,0
BRDA:46,9,1,0
BRF:18
BRH:5
end_of_record
